ERROR - 2024-06-01 18:45:38 --> mysqli_sql_exception: Cannot add or update a child row: a foreign key constraint fails (`bd_beck_pablo`.`productos`, CONSTRAINT `productos_ibfk_1` FOREIGN KEY (`cat_producto`) REFERENCES `categorias` (`id_categoria`)) in C:\xampp\htdocs\proyecto_Beck_Pablo\system\Database\MySQLi\Connection.php:306
Stack trace:
#0 C:\xampp\htdocs\proyecto_Beck_Pablo\system\Database\MySQLi\Connection.php(306): mysqli->query('INSERT INTO `pr...', 0)
#1 C:\xampp\htdocs\proyecto_Beck_Pablo\system\Database\BaseConnection.php(693): CodeIgniter\Database\MySQLi\Connection->execute('INSERT INTO `pr...')
#2 C:\xampp\htdocs\proyecto_Beck_Pablo\system\Database\BaseConnection.php(607): CodeIgniter\Database\BaseConnection->simpleQuery('INSERT INTO `pr...')
#3 C:\xampp\htdocs\proyecto_Beck_Pablo\system\Database\BaseBuilder.php(2307): CodeIgniter\Database\BaseConnection->query('INSERT INTO `pr...', Array, false)
#4 C:\xampp\htdocs\proyecto_Beck_Pablo\system\Model.php(326): CodeIgniter\Database\BaseBuilder->insert()
#5 C:\xampp\htdocs\proyecto_Beck_Pablo\system\BaseModel.php(802): CodeIgniter\Model->doInsert(Array)
#6 C:\xampp\htdocs\proyecto_Beck_Pablo\system\Model.php(744): CodeIgniter\BaseModel->insert(Array, true)
#7 C:\xampp\htdocs\proyecto_Beck_Pablo\app\Controllers\Administracion.php(88): CodeIgniter\Model->insert(Array)
#8 C:\xampp\htdocs\proyecto_Beck_Pablo\system\CodeIgniter.php(941): App\Controllers\Administracion->insertarProducto()
#9 C:\xampp\htdocs\proyecto_Beck_Pablo\system\CodeIgniter.php(502): CodeIgniter\CodeIgniter->runController(Object(App\Controllers\Administracion))
#10 C:\xampp\htdocs\proyecto_Beck_Pablo\system\CodeIgniter.php(361): CodeIgniter\CodeIgniter->handleRequest(NULL, Object(Config\Cache), false)
#11 C:\xampp\htdocs\proyecto_Beck_Pablo\index.php(79): CodeIgniter\CodeIgniter->run()
#12 {main}
CRITICAL - 2024-06-01 18:45:38 --> CodeIgniter\Database\Exceptions\DatabaseException: Cannot add or update a child row: a foreign key constraint fails (`bd_beck_pablo`.`productos`, CONSTRAINT `productos_ibfk_1` FOREIGN KEY (`cat_producto`) REFERENCES `categorias` (`id_categoria`))
in SYSTEMPATH\Database\BaseConnection.php on line 647.
 1 SYSTEMPATH\Database\BaseBuilder.php(2307): CodeIgniter\Database\BaseConnection->query('INSERT INTO `productos` (`nom_producto`, `precio`, `stock`, `descripcion`, `img_producto`, `estado_producto`) VALUES (:nom_producto:, :precio:, :stock:, :descripcion:, :img_producto:, :estado_producto:)', [...], false)
 2 SYSTEMPATH\Model.php(326): CodeIgniter\Database\BaseBuilder->insert()
 3 SYSTEMPATH\BaseModel.php(802): CodeIgniter\Model->doInsert([...])
 4 SYSTEMPATH\Model.php(744): CodeIgniter\BaseModel->insert([...], true)
 5 APPPATH\Controllers\Administracion.php(88): CodeIgniter\Model->insert([...])
 6 SYSTEMPATH\CodeIgniter.php(941): App\Controllers\Administracion->insertarProducto()
 7 SYSTEMPATH\CodeIgniter.php(502): CodeIgniter\CodeIgniter->runController(Object(App\Controllers\Administracion))
 8 SYSTEMPATH\CodeIgniter.php(361): CodeIgniter\CodeIgniter->handleRequest(null, Object(Config\Cache), false)
 9 FCPATH\index.php(79): CodeIgniter\CodeIgniter->run()
CRITICAL - 2024-06-01 18:45:38 --> [Caused by] CodeIgniter\Database\Exceptions\DatabaseException: Cannot add or update a child row: a foreign key constraint fails (`bd_beck_pablo`.`productos`, CONSTRAINT `productos_ibfk_1` FOREIGN KEY (`cat_producto`) REFERENCES `categorias` (`id_categoria`))
in SYSTEMPATH\Database\MySQLi\Connection.php on line 311.
 1 SYSTEMPATH\Database\BaseConnection.php(693): CodeIgniter\Database\MySQLi\Connection->execute('INSERT INTO `productos` (`nom_producto`, `precio`, `stock`, `descripcion`, `img_producto`, `estado_producto`) VALUES (\'Motorola EDGE 30 Neo\', \'869999\', \'50\', \'Motorola EDGE 30 Neo Violeta XT2245-1 AR VP 8+128 SSRTL \', \'1717267538_30e8c5f865d5783f4df8.jpg\', 1)')
 2 SYSTEMPATH\Database\BaseConnection.php(607): CodeIgniter\Database\BaseConnection->simpleQuery('INSERT INTO `productos` (`nom_producto`, `precio`, `stock`, `descripcion`, `img_producto`, `estado_producto`) VALUES (\'Motorola EDGE 30 Neo\', \'869999\', \'50\', \'Motorola EDGE 30 Neo Violeta XT2245-1 AR VP 8+128 SSRTL \', \'1717267538_30e8c5f865d5783f4df8.jpg\', 1)')
 3 SYSTEMPATH\Database\BaseBuilder.php(2307): CodeIgniter\Database\BaseConnection->query('INSERT INTO `productos` (`nom_producto`, `precio`, `stock`, `descripcion`, `img_producto`, `estado_producto`) VALUES (:nom_producto:, :precio:, :stock:, :descripcion:, :img_producto:, :estado_producto:)', [...], false)
 4 SYSTEMPATH\Model.php(326): CodeIgniter\Database\BaseBuilder->insert()
 5 SYSTEMPATH\BaseModel.php(802): CodeIgniter\Model->doInsert([...])
 6 SYSTEMPATH\Model.php(744): CodeIgniter\BaseModel->insert([...], true)
 7 APPPATH\Controllers\Administracion.php(88): CodeIgniter\Model->insert([...])
 8 SYSTEMPATH\CodeIgniter.php(941): App\Controllers\Administracion->insertarProducto()
 9 SYSTEMPATH\CodeIgniter.php(502): CodeIgniter\CodeIgniter->runController(Object(App\Controllers\Administracion))
10 SYSTEMPATH\CodeIgniter.php(361): CodeIgniter\CodeIgniter->handleRequest(null, Object(Config\Cache), false)
11 FCPATH\index.php(79): CodeIgniter\CodeIgniter->run()
CRITICAL - 2024-06-01 18:45:38 --> [Caused by] mysqli_sql_exception: Cannot add or update a child row: a foreign key constraint fails (`bd_beck_pablo`.`productos`, CONSTRAINT `productos_ibfk_1` FOREIGN KEY (`cat_producto`) REFERENCES `categorias` (`id_categoria`))
in SYSTEMPATH\Database\MySQLi\Connection.php on line 306.
 1 SYSTEMPATH\Database\MySQLi\Connection.php(306): mysqli->query('INSERT INTO `productos` (`nom_producto`, `precio`, `stock`, `descripcion`, `img_producto`, `estado_producto`) VALUES (\'Motorola EDGE 30 Neo\', \'869999\', \'50\', \'Motorola EDGE 30 Neo Violeta XT2245-1 AR VP 8+128 SSRTL \', \'1717267538_30e8c5f865d5783f4df8.jpg\', 1)', 0)
 2 SYSTEMPATH\Database\BaseConnection.php(693): CodeIgniter\Database\MySQLi\Connection->execute('INSERT INTO `productos` (`nom_producto`, `precio`, `stock`, `descripcion`, `img_producto`, `estado_producto`) VALUES (\'Motorola EDGE 30 Neo\', \'869999\', \'50\', \'Motorola EDGE 30 Neo Violeta XT2245-1 AR VP 8+128 SSRTL \', \'1717267538_30e8c5f865d5783f4df8.jpg\', 1)')
 3 SYSTEMPATH\Database\BaseConnection.php(607): CodeIgniter\Database\BaseConnection->simpleQuery('INSERT INTO `productos` (`nom_producto`, `precio`, `stock`, `descripcion`, `img_producto`, `estado_producto`) VALUES (\'Motorola EDGE 30 Neo\', \'869999\', \'50\', \'Motorola EDGE 30 Neo Violeta XT2245-1 AR VP 8+128 SSRTL \', \'1717267538_30e8c5f865d5783f4df8.jpg\', 1)')
 4 SYSTEMPATH\Database\BaseBuilder.php(2307): CodeIgniter\Database\BaseConnection->query('INSERT INTO `productos` (`nom_producto`, `precio`, `stock`, `descripcion`, `img_producto`, `estado_producto`) VALUES (:nom_producto:, :precio:, :stock:, :descripcion:, :img_producto:, :estado_producto:)', [...], false)
 5 SYSTEMPATH\Model.php(326): CodeIgniter\Database\BaseBuilder->insert()
 6 SYSTEMPATH\BaseModel.php(802): CodeIgniter\Model->doInsert([...])
 7 SYSTEMPATH\Model.php(744): CodeIgniter\BaseModel->insert([...], true)
 8 APPPATH\Controllers\Administracion.php(88): CodeIgniter\Model->insert([...])
 9 SYSTEMPATH\CodeIgniter.php(941): App\Controllers\Administracion->insertarProducto()
10 SYSTEMPATH\CodeIgniter.php(502): CodeIgniter\CodeIgniter->runController(Object(App\Controllers\Administracion))
11 SYSTEMPATH\CodeIgniter.php(361): CodeIgniter\CodeIgniter->handleRequest(null, Object(Config\Cache), false)
12 FCPATH\index.php(79): CodeIgniter\CodeIgniter->run()
INFO - 2024-06-01 19:22:11 --> Session: Class initialized using 'CodeIgniter\Session\Handlers\FileHandler' driver.
INFO - 2024-06-01 19:22:14 --> Session: Class initialized using 'CodeIgniter\Session\Handlers\FileHandler' driver.
CRITICAL - 2024-06-01 19:22:29 --> TypeError: preg_match(): Argument #2 ($subject) must be of type string, array given
in SYSTEMPATH\Validation\Validation.php on line 303.
 1 SYSTEMPATH\Validation\Validation.php(303): preg_match('/(.*?)\\[(.*)\\]/', [...], null)
 2 SYSTEMPATH\Validation\Validation.php(200): CodeIgniter\Validation\Validation->processRules('1', '1', null, [...], [...])
 3 SYSTEMPATH\Controller.php(152): CodeIgniter\Validation\Validation->run()
 4 APPPATH\Controllers\Administracion.php(62): CodeIgniter\Controller->validate([...])
 5 SYSTEMPATH\CodeIgniter.php(941): App\Controllers\Administracion->insertarProducto()
 6 SYSTEMPATH\CodeIgniter.php(502): CodeIgniter\CodeIgniter->runController(Object(App\Controllers\Administracion))
 7 SYSTEMPATH\CodeIgniter.php(361): CodeIgniter\CodeIgniter->handleRequest(null, Object(Config\Cache), false)
 8 FCPATH\index.php(79): CodeIgniter\CodeIgniter->run()
INFO - 2024-06-01 19:29:19 --> Session: Class initialized using 'CodeIgniter\Session\Handlers\FileHandler' driver.
CRITICAL - 2024-06-01 19:29:19 --> ErrorException: Undefined array key "nombre_categoria"
in APPPATH\Views\back-end\guardarProducto_view.php on line 45.
 1 APPPATH\Views\back-end\guardarProducto_view.php(45): CodeIgniter\Debug\Exceptions->errorHandler(2, 'Undefined array key "nombre_categoria"', 'C:\\xampp\\htdocs\\proyecto_Beck_Pablo\\app\\Views\\back-end\\guardarProducto_view.php', 45)
 2 SYSTEMPATH\View\View.php(228): include('C:\\xampp\\htdocs\\proyecto_Beck_Pablo\\app\\Views\\back-end\\guardarProducto_view.php')
 3 SYSTEMPATH\View\View.php(231): CodeIgniter\View\View->CodeIgniter\View\{closure}()
 4 SYSTEMPATH\Common.php(1178): CodeIgniter\View\View->render('back-end/guardarProducto_view', [], true)
 5 APPPATH\Controllers\Administracion.php(23): view('back-end/guardarProducto_view')
 6 SYSTEMPATH\CodeIgniter.php(941): App\Controllers\Administracion->insertarProductoView()
 7 SYSTEMPATH\CodeIgniter.php(502): CodeIgniter\CodeIgniter->runController(Object(App\Controllers\Administracion))
 8 SYSTEMPATH\CodeIgniter.php(361): CodeIgniter\CodeIgniter->handleRequest(null, Object(Config\Cache), false)
 9 FCPATH\index.php(79): CodeIgniter\CodeIgniter->run()
INFO - 2024-06-01 19:29:41 --> Session: Class initialized using 'CodeIgniter\Session\Handlers\FileHandler' driver.
INFO - 2024-06-01 19:30:53 --> Session: Class initialized using 'CodeIgniter\Session\Handlers\FileHandler' driver.
CRITICAL - 2024-06-01 19:30:57 --> TypeError: preg_match(): Argument #2 ($subject) must be of type string, array given
in SYSTEMPATH\Validation\Validation.php on line 303.
 1 SYSTEMPATH\Validation\Validation.php(303): preg_match('/(.*?)\\[(.*)\\]/', [...], null)
 2 SYSTEMPATH\Validation\Validation.php(200): CodeIgniter\Validation\Validation->processRules('1', '1', null, [...], [...])
 3 SYSTEMPATH\Controller.php(152): CodeIgniter\Validation\Validation->run()
 4 APPPATH\Controllers\Administracion.php(62): CodeIgniter\Controller->validate([...])
 5 SYSTEMPATH\CodeIgniter.php(941): App\Controllers\Administracion->insertarProducto()
 6 SYSTEMPATH\CodeIgniter.php(502): CodeIgniter\CodeIgniter->runController(Object(App\Controllers\Administracion))
 7 SYSTEMPATH\CodeIgniter.php(361): CodeIgniter\CodeIgniter->handleRequest(null, Object(Config\Cache), false)
 8 FCPATH\index.php(79): CodeIgniter\CodeIgniter->run()
INFO - 2024-06-01 19:31:20 --> Session: Class initialized using 'CodeIgniter\Session\Handlers\FileHandler' driver.
INFO - 2024-06-01 19:31:52 --> Session: Class initialized using 'CodeIgniter\Session\Handlers\FileHandler' driver.
INFO - 2024-06-01 19:32:11 --> Session: Class initialized using 'CodeIgniter\Session\Handlers\FileHandler' driver.
INFO - 2024-06-01 19:32:21 --> Session: Class initialized using 'CodeIgniter\Session\Handlers\FileHandler' driver.
INFO - 2024-06-01 19:32:23 --> Session: Class initialized using 'CodeIgniter\Session\Handlers\FileHandler' driver.
INFO - 2024-06-01 19:32:27 --> Session: Class initialized using 'CodeIgniter\Session\Handlers\FileHandler' driver.
INFO - 2024-06-01 19:32:29 --> Session: Class initialized using 'CodeIgniter\Session\Handlers\FileHandler' driver.
INFO - 2024-06-01 19:32:33 --> Session: Class initialized using 'CodeIgniter\Session\Handlers\FileHandler' driver.
INFO - 2024-06-01 19:32:35 --> Session: Class initialized using 'CodeIgniter\Session\Handlers\FileHandler' driver.
INFO - 2024-06-01 19:32:48 --> Session: Class initialized using 'CodeIgniter\Session\Handlers\FileHandler' driver.
INFO - 2024-06-01 19:32:52 --> Session: Class initialized using 'CodeIgniter\Session\Handlers\FileHandler' driver.
CRITICAL - 2024-06-01 19:32:57 --> TypeError: preg_match(): Argument #2 ($subject) must be of type string, array given
in SYSTEMPATH\Validation\Validation.php on line 303.
 1 SYSTEMPATH\Validation\Validation.php(303): preg_match('/(.*?)\\[(.*)\\]/', [...], null)
 2 SYSTEMPATH\Validation\Validation.php(200): CodeIgniter\Validation\Validation->processRules('1', '1', null, [...], [...])
 3 SYSTEMPATH\Controller.php(152): CodeIgniter\Validation\Validation->run()
 4 APPPATH\Controllers\Administracion.php(62): CodeIgniter\Controller->validate([...])
 5 SYSTEMPATH\CodeIgniter.php(941): App\Controllers\Administracion->insertarProducto()
 6 SYSTEMPATH\CodeIgniter.php(502): CodeIgniter\CodeIgniter->runController(Object(App\Controllers\Administracion))
 7 SYSTEMPATH\CodeIgniter.php(361): CodeIgniter\CodeIgniter->handleRequest(null, Object(Config\Cache), false)
 8 FCPATH\index.php(79): CodeIgniter\CodeIgniter->run()
INFO - 2024-06-01 19:39:31 --> Session: Class initialized using 'CodeIgniter\Session\Handlers\FileHandler' driver.
CRITICAL - 2024-06-01 19:39:31 --> ErrorException: Undefined array key "nombre_categoria"
in APPPATH\Views\back-end\guardarProducto_view.php on line 55.
 1 APPPATH\Views\back-end\guardarProducto_view.php(55): CodeIgniter\Debug\Exceptions->errorHandler(2, 'Undefined array key "nombre_categoria"', 'C:\\xampp\\htdocs\\proyecto_Beck_Pablo\\app\\Views\\back-end\\guardarProducto_view.php', 55)
 2 SYSTEMPATH\View\View.php(228): include('C:\\xampp\\htdocs\\proyecto_Beck_Pablo\\app\\Views\\back-end\\guardarProducto_view.php')
 3 SYSTEMPATH\View\View.php(231): CodeIgniter\View\View->CodeIgniter\View\{closure}()
 4 SYSTEMPATH\Common.php(1178): CodeIgniter\View\View->render('back-end/guardarProducto_view', [], true)
 5 APPPATH\Controllers\Administracion.php(23): view('back-end/guardarProducto_view')
 6 SYSTEMPATH\CodeIgniter.php(941): App\Controllers\Administracion->insertarProductoView()
 7 SYSTEMPATH\CodeIgniter.php(502): CodeIgniter\CodeIgniter->runController(Object(App\Controllers\Administracion))
 8 SYSTEMPATH\CodeIgniter.php(361): CodeIgniter\CodeIgniter->handleRequest(null, Object(Config\Cache), false)
 9 FCPATH\index.php(79): CodeIgniter\CodeIgniter->run()
INFO - 2024-06-01 19:39:40 --> Session: Class initialized using 'CodeIgniter\Session\Handlers\FileHandler' driver.
CRITICAL - 2024-06-01 19:39:40 --> ErrorException: Undefined array key "nombre_categoria"
in APPPATH\Views\back-end\guardarProducto_view.php on line 55.
 1 APPPATH\Views\back-end\guardarProducto_view.php(55): CodeIgniter\Debug\Exceptions->errorHandler(2, 'Undefined array key "nombre_categoria"', 'C:\\xampp\\htdocs\\proyecto_Beck_Pablo\\app\\Views\\back-end\\guardarProducto_view.php', 55)
 2 SYSTEMPATH\View\View.php(228): include('C:\\xampp\\htdocs\\proyecto_Beck_Pablo\\app\\Views\\back-end\\guardarProducto_view.php')
 3 SYSTEMPATH\View\View.php(231): CodeIgniter\View\View->CodeIgniter\View\{closure}()
 4 SYSTEMPATH\Common.php(1178): CodeIgniter\View\View->render('back-end/guardarProducto_view', [], true)
 5 APPPATH\Controllers\Administracion.php(23): view('back-end/guardarProducto_view')
 6 SYSTEMPATH\CodeIgniter.php(941): App\Controllers\Administracion->insertarProductoView()
 7 SYSTEMPATH\CodeIgniter.php(502): CodeIgniter\CodeIgniter->runController(Object(App\Controllers\Administracion))
 8 SYSTEMPATH\CodeIgniter.php(361): CodeIgniter\CodeIgniter->handleRequest(null, Object(Config\Cache), false)
 9 FCPATH\index.php(79): CodeIgniter\CodeIgniter->run()
INFO - 2024-06-01 19:39:43 --> Session: Class initialized using 'CodeIgniter\Session\Handlers\FileHandler' driver.
CRITICAL - 2024-06-01 19:39:43 --> ErrorException: Undefined array key "nombre_categoria"
in APPPATH\Views\back-end\guardarProducto_view.php on line 55.
 1 APPPATH\Views\back-end\guardarProducto_view.php(55): CodeIgniter\Debug\Exceptions->errorHandler(2, 'Undefined array key "nombre_categoria"', 'C:\\xampp\\htdocs\\proyecto_Beck_Pablo\\app\\Views\\back-end\\guardarProducto_view.php', 55)
 2 SYSTEMPATH\View\View.php(228): include('C:\\xampp\\htdocs\\proyecto_Beck_Pablo\\app\\Views\\back-end\\guardarProducto_view.php')
 3 SYSTEMPATH\View\View.php(231): CodeIgniter\View\View->CodeIgniter\View\{closure}()
 4 SYSTEMPATH\Common.php(1178): CodeIgniter\View\View->render('back-end/guardarProducto_view', [], true)
 5 APPPATH\Controllers\Administracion.php(23): view('back-end/guardarProducto_view')
 6 SYSTEMPATH\CodeIgniter.php(941): App\Controllers\Administracion->insertarProductoView()
 7 SYSTEMPATH\CodeIgniter.php(502): CodeIgniter\CodeIgniter->runController(Object(App\Controllers\Administracion))
 8 SYSTEMPATH\CodeIgniter.php(361): CodeIgniter\CodeIgniter->handleRequest(null, Object(Config\Cache), false)
 9 FCPATH\index.php(79): CodeIgniter\CodeIgniter->run()
INFO - 2024-06-01 19:39:53 --> Session: Class initialized using 'CodeIgniter\Session\Handlers\FileHandler' driver.
CRITICAL - 2024-06-01 19:39:53 --> ErrorException: Undefined array key "nombre_categoria"
in APPPATH\Views\back-end\guardarProducto_view.php on line 55.
 1 APPPATH\Views\back-end\guardarProducto_view.php(55): CodeIgniter\Debug\Exceptions->errorHandler(2, 'Undefined array key "nombre_categoria"', 'C:\\xampp\\htdocs\\proyecto_Beck_Pablo\\app\\Views\\back-end\\guardarProducto_view.php', 55)
 2 SYSTEMPATH\View\View.php(228): include('C:\\xampp\\htdocs\\proyecto_Beck_Pablo\\app\\Views\\back-end\\guardarProducto_view.php')
 3 SYSTEMPATH\View\View.php(231): CodeIgniter\View\View->CodeIgniter\View\{closure}()
 4 SYSTEMPATH\Common.php(1178): CodeIgniter\View\View->render('back-end/guardarProducto_view', [], true)
 5 APPPATH\Controllers\Administracion.php(23): view('back-end/guardarProducto_view')
 6 SYSTEMPATH\CodeIgniter.php(941): App\Controllers\Administracion->insertarProductoView()
 7 SYSTEMPATH\CodeIgniter.php(502): CodeIgniter\CodeIgniter->runController(Object(App\Controllers\Administracion))
 8 SYSTEMPATH\CodeIgniter.php(361): CodeIgniter\CodeIgniter->handleRequest(null, Object(Config\Cache), false)
 9 FCPATH\index.php(79): CodeIgniter\CodeIgniter->run()
INFO - 2024-06-01 19:40:07 --> Session: Class initialized using 'CodeIgniter\Session\Handlers\FileHandler' driver.
CRITICAL - 2024-06-01 19:44:41 --> TypeError: preg_match(): Argument #2 ($subject) must be of type string, array given
in SYSTEMPATH\Validation\Validation.php on line 303.
 1 SYSTEMPATH\Validation\Validation.php(303): preg_match('/(.*?)\\[(.*)\\]/', [...], null)
 2 SYSTEMPATH\Validation\Validation.php(200): CodeIgniter\Validation\Validation->processRules('1', '1', null, [...], [...])
 3 SYSTEMPATH\Controller.php(152): CodeIgniter\Validation\Validation->run()
 4 APPPATH\Controllers\Administracion.php(62): CodeIgniter\Controller->validate([...])
 5 SYSTEMPATH\CodeIgniter.php(941): App\Controllers\Administracion->insertarProducto()
 6 SYSTEMPATH\CodeIgniter.php(502): CodeIgniter\CodeIgniter->runController(Object(App\Controllers\Administracion))
 7 SYSTEMPATH\CodeIgniter.php(361): CodeIgniter\CodeIgniter->handleRequest(null, Object(Config\Cache), false)
 8 FCPATH\index.php(79): CodeIgniter\CodeIgniter->run()
INFO - 2024-06-01 19:46:52 --> Session: Class initialized using 'CodeIgniter\Session\Handlers\FileHandler' driver.
CRITICAL - 2024-06-01 19:46:55 --> CodeIgniter\Validation\Exceptions\ValidationException: "is_not_unique[categorias.id_categoria]" is not a valid rule.
in SYSTEMPATH\Validation\Validation.php on line 336.
 1 SYSTEMPATH\Validation\Validation.php(336): CodeIgniter\Validation\Exceptions\ValidationException::forRuleNotFound('is_not_unique[categorias.id_categoria]')
 2 SYSTEMPATH\Validation\Validation.php(200): CodeIgniter\Validation\Validation->processRules('0', '0', null, [...], [...])
 3 SYSTEMPATH\Controller.php(152): CodeIgniter\Validation\Validation->run()
 4 APPPATH\Controllers\Administracion.php(62): CodeIgniter\Controller->validate([...])
 5 SYSTEMPATH\CodeIgniter.php(941): App\Controllers\Administracion->insertarProducto()
 6 SYSTEMPATH\CodeIgniter.php(502): CodeIgniter\CodeIgniter->runController(Object(App\Controllers\Administracion))
 7 SYSTEMPATH\CodeIgniter.php(361): CodeIgniter\CodeIgniter->handleRequest(null, Object(Config\Cache), false)
 8 FCPATH\index.php(79): CodeIgniter\CodeIgniter->run()
CRITICAL - 2024-06-01 19:47:11 --> TypeError: preg_match(): Argument #2 ($subject) must be of type string, array given
in SYSTEMPATH\Validation\Validation.php on line 303.
 1 SYSTEMPATH\Validation\Validation.php(303): preg_match('/(.*?)\\[(.*)\\]/', [...], null)
 2 SYSTEMPATH\Validation\Validation.php(200): CodeIgniter\Validation\Validation->processRules('1', '1', null, [...], [...])
 3 SYSTEMPATH\Controller.php(152): CodeIgniter\Validation\Validation->run()
 4 APPPATH\Controllers\Administracion.php(62): CodeIgniter\Controller->validate([...])
 5 SYSTEMPATH\CodeIgniter.php(941): App\Controllers\Administracion->insertarProducto()
 6 SYSTEMPATH\CodeIgniter.php(502): CodeIgniter\CodeIgniter->runController(Object(App\Controllers\Administracion))
 7 SYSTEMPATH\CodeIgniter.php(361): CodeIgniter\CodeIgniter->handleRequest(null, Object(Config\Cache), false)
 8 FCPATH\index.php(79): CodeIgniter\CodeIgniter->run()
INFO - 2024-06-01 20:02:50 --> Session: Class initialized using 'CodeIgniter\Session\Handlers\FileHandler' driver.
CRITICAL - 2024-06-01 20:02:53 --> TypeError: preg_match(): Argument #2 ($subject) must be of type string, array given
in SYSTEMPATH\Validation\Validation.php on line 303.
 1 SYSTEMPATH\Validation\Validation.php(303): preg_match('/(.*?)\\[(.*)\\]/', [...], null)
 2 SYSTEMPATH\Validation\Validation.php(200): CodeIgniter\Validation\Validation->processRules('1', '1', null, [...], [...])
 3 SYSTEMPATH\Controller.php(152): CodeIgniter\Validation\Validation->run()
 4 APPPATH\Controllers\Administracion.php(62): CodeIgniter\Controller->validate([...])
 5 SYSTEMPATH\CodeIgniter.php(941): App\Controllers\Administracion->insertarProducto()
 6 SYSTEMPATH\CodeIgniter.php(502): CodeIgniter\CodeIgniter->runController(Object(App\Controllers\Administracion))
 7 SYSTEMPATH\CodeIgniter.php(361): CodeIgniter\CodeIgniter->handleRequest(null, Object(Config\Cache), false)
 8 FCPATH\index.php(79): CodeIgniter\CodeIgniter->run()
INFO - 2024-06-01 20:03:30 --> Session: Class initialized using 'CodeIgniter\Session\Handlers\FileHandler' driver.
CRITICAL - 2024-06-01 20:03:33 --> TypeError: preg_match(): Argument #2 ($subject) must be of type string, array given
in SYSTEMPATH\Validation\Validation.php on line 303.
 1 SYSTEMPATH\Validation\Validation.php(303): preg_match('/(.*?)\\[(.*)\\]/', [...], null)
 2 SYSTEMPATH\Validation\Validation.php(200): CodeIgniter\Validation\Validation->processRules('1', '1', null, [...], [...])
 3 SYSTEMPATH\Controller.php(152): CodeIgniter\Validation\Validation->run()
 4 APPPATH\Controllers\Administracion.php(62): CodeIgniter\Controller->validate([...])
 5 SYSTEMPATH\CodeIgniter.php(941): App\Controllers\Administracion->insertarProducto()
 6 SYSTEMPATH\CodeIgniter.php(502): CodeIgniter\CodeIgniter->runController(Object(App\Controllers\Administracion))
 7 SYSTEMPATH\CodeIgniter.php(361): CodeIgniter\CodeIgniter->handleRequest(null, Object(Config\Cache), false)
 8 FCPATH\index.php(79): CodeIgniter\CodeIgniter->run()
