INFO - 2024-06-10 12:56:20 --> Session: Class initialized using 'CodeIgniter\Session\Handlers\FileHandler' driver.
INFO - 2024-06-10 12:56:27 --> Session: Class initialized using 'CodeIgniter\Session\Handlers\FileHandler' driver.
INFO - 2024-06-10 12:56:32 --> Session: Class initialized using 'CodeIgniter\Session\Handlers\FileHandler' driver.
INFO - 2024-06-10 12:56:54 --> Session: Class initialized using 'CodeIgniter\Session\Handlers\FileHandler' driver.
INFO - 2024-06-10 12:56:55 --> Session: Class initialized using 'CodeIgniter\Session\Handlers\FileHandler' driver.
INFO - 2024-06-10 12:57:47 --> Session: Class initialized using 'CodeIgniter\Session\Handlers\FileHandler' driver.
INFO - 2024-06-10 12:58:39 --> Session: Class initialized using 'CodeIgniter\Session\Handlers\FileHandler' driver.
INFO - 2024-06-10 12:59:16 --> Session: Class initialized using 'CodeIgniter\Session\Handlers\FileHandler' driver.
INFO - 2024-06-10 12:59:39 --> Session: Class initialized using 'CodeIgniter\Session\Handlers\FileHandler' driver.
INFO - 2024-06-10 12:59:42 --> Session: Class initialized using 'CodeIgniter\Session\Handlers\FileHandler' driver.
INFO - 2024-06-10 12:59:47 --> Session: Class initialized using 'CodeIgniter\Session\Handlers\FileHandler' driver.
INFO - 2024-06-10 13:03:34 --> Session: Class initialized using 'CodeIgniter\Session\Handlers\FileHandler' driver.
INFO - 2024-06-10 13:03:37 --> Session: Class initialized using 'CodeIgniter\Session\Handlers\FileHandler' driver.
INFO - 2024-06-10 13:03:39 --> Session: Class initialized using 'CodeIgniter\Session\Handlers\FileHandler' driver.
INFO - 2024-06-10 13:09:22 --> Session: Class initialized using 'CodeIgniter\Session\Handlers\FileHandler' driver.
INFO - 2024-06-10 13:09:25 --> Session: Class initialized using 'CodeIgniter\Session\Handlers\FileHandler' driver.
CRITICAL - 2024-06-10 13:09:55 --> ErrorException: Undefined variable $salirModal
in APPPATH\Views\plantilla\alertas.php on line 18.
 1 APPPATH\Views\plantilla\alertas.php(18): CodeIgniter\Debug\Exceptions->errorHandler(2, 'Undefined variable $salirModal', 'C:\\xampp\\htdocs\\proyecto_Beck_Pablo\\app\\Views\\plantilla\\alertas.php', 18)
 2 SYSTEMPATH\View\View.php(228): include('C:\\xampp\\htdocs\\proyecto_Beck_Pablo\\app\\Views\\plantilla\\alertas.php')
 3 SYSTEMPATH\View\View.php(231): CodeIgniter\View\View->CodeIgniter\View\{closure}()
 4 SYSTEMPATH\Common.php(1178): CodeIgniter\View\View->render('plantilla/alertas', [], true)
 5 APPPATH\Controllers\Administracion.php(234): view('plantilla/alertas')
 6 SYSTEMPATH\CodeIgniter.php(941): App\Controllers\Administracion->actualizar_producto()
 7 SYSTEMPATH\CodeIgniter.php(502): CodeIgniter\CodeIgniter->runController(Object(App\Controllers\Administracion))
 8 SYSTEMPATH\CodeIgniter.php(361): CodeIgniter\CodeIgniter->handleRequest(null, Object(Config\Cache), false)
 9 FCPATH\index.php(79): CodeIgniter\CodeIgniter->run()
INFO - 2024-06-10 13:12:15 --> Session: Class initialized using 'CodeIgniter\Session\Handlers\FileHandler' driver.
INFO - 2024-06-10 13:12:18 --> Session: Class initialized using 'CodeIgniter\Session\Handlers\FileHandler' driver.
INFO - 2024-06-10 13:12:28 --> Session: Class initialized using 'CodeIgniter\Session\Handlers\FileHandler' driver.
CRITICAL - 2024-06-10 13:14:21 --> ErrorException: Undefined variable $salirModal
in APPPATH\Views\plantilla\alertas.php on line 18.
 1 APPPATH\Views\plantilla\alertas.php(18): CodeIgniter\Debug\Exceptions->errorHandler(2, 'Undefined variable $salirModal', 'C:\\xampp\\htdocs\\proyecto_Beck_Pablo\\app\\Views\\plantilla\\alertas.php', 18)
 2 SYSTEMPATH\View\View.php(228): include('C:\\xampp\\htdocs\\proyecto_Beck_Pablo\\app\\Views\\plantilla\\alertas.php')
 3 SYSTEMPATH\View\View.php(231): CodeIgniter\View\View->CodeIgniter\View\{closure}()
 4 SYSTEMPATH\Common.php(1178): CodeIgniter\View\View->render('plantilla/alertas', [], true)
 5 APPPATH\Controllers\Administracion.php(233): view('plantilla/alertas')
 6 SYSTEMPATH\CodeIgniter.php(941): App\Controllers\Administracion->actualizar_producto()
 7 SYSTEMPATH\CodeIgniter.php(502): CodeIgniter\CodeIgniter->runController(Object(App\Controllers\Administracion))
 8 SYSTEMPATH\CodeIgniter.php(361): CodeIgniter\CodeIgniter->handleRequest(null, Object(Config\Cache), false)
 9 FCPATH\index.php(79): CodeIgniter\CodeIgniter->run()
INFO - 2024-06-10 13:14:56 --> Session: Class initialized using 'CodeIgniter\Session\Handlers\FileHandler' driver.
CRITICAL - 2024-06-10 13:14:59 --> ErrorException: Undefined variable $salirModal
in APPPATH\Views\plantilla\alertas.php on line 18.
 1 APPPATH\Views\plantilla\alertas.php(18): CodeIgniter\Debug\Exceptions->errorHandler(2, 'Undefined variable $salirModal', 'C:\\xampp\\htdocs\\proyecto_Beck_Pablo\\app\\Views\\plantilla\\alertas.php', 18)
 2 SYSTEMPATH\View\View.php(228): include('C:\\xampp\\htdocs\\proyecto_Beck_Pablo\\app\\Views\\plantilla\\alertas.php')
 3 SYSTEMPATH\View\View.php(231): CodeIgniter\View\View->CodeIgniter\View\{closure}()
 4 SYSTEMPATH\Common.php(1178): CodeIgniter\View\View->render('plantilla/alertas', [], true)
 5 APPPATH\Controllers\Administracion.php(234): view('plantilla/alertas')
 6 SYSTEMPATH\CodeIgniter.php(941): App\Controllers\Administracion->actualizar_producto()
 7 SYSTEMPATH\CodeIgniter.php(502): CodeIgniter\CodeIgniter->runController(Object(App\Controllers\Administracion))
 8 SYSTEMPATH\CodeIgniter.php(361): CodeIgniter\CodeIgniter->handleRequest(null, Object(Config\Cache), false)
 9 FCPATH\index.php(79): CodeIgniter\CodeIgniter->run()
INFO - 2024-06-10 13:17:38 --> Session: Class initialized using 'CodeIgniter\Session\Handlers\FileHandler' driver.
INFO - 2024-06-10 13:17:45 --> Session: Class initialized using 'CodeIgniter\Session\Handlers\FileHandler' driver.
INFO - 2024-06-10 13:45:58 --> Session: Class initialized using 'CodeIgniter\Session\Handlers\FileHandler' driver.
INFO - 2024-06-10 13:46:04 --> Session: Class initialized using 'CodeIgniter\Session\Handlers\FileHandler' driver.
INFO - 2024-06-10 13:46:08 --> Session: Class initialized using 'CodeIgniter\Session\Handlers\FileHandler' driver.
INFO - 2024-06-10 13:52:57 --> Session: Class initialized using 'CodeIgniter\Session\Handlers\FileHandler' driver.
INFO - 2024-06-10 13:53:00 --> Session: Class initialized using 'CodeIgniter\Session\Handlers\FileHandler' driver.
INFO - 2024-06-10 13:58:43 --> Session: Class initialized using 'CodeIgniter\Session\Handlers\FileHandler' driver.
INFO - 2024-06-10 13:58:43 --> Session: Class initialized using 'CodeIgniter\Session\Handlers\FileHandler' driver.
INFO - 2024-06-10 13:58:46 --> Session: Class initialized using 'CodeIgniter\Session\Handlers\FileHandler' driver.
INFO - 2024-06-10 13:59:03 --> Session: Class initialized using 'CodeIgniter\Session\Handlers\FileHandler' driver.
INFO - 2024-06-10 13:59:03 --> Session: Class initialized using 'CodeIgniter\Session\Handlers\FileHandler' driver.
INFO - 2024-06-10 13:59:15 --> Session: Class initialized using 'CodeIgniter\Session\Handlers\FileHandler' driver.
INFO - 2024-06-10 13:59:18 --> Session: Class initialized using 'CodeIgniter\Session\Handlers\FileHandler' driver.
INFO - 2024-06-10 13:59:18 --> Cart Class Initialized
INFO - 2024-06-10 13:59:18 --> Session: Class initialized using 'CodeIgniter\Session\Handlers\FileHandler' driver.
INFO - 2024-06-10 13:59:18 --> Cart Class Initialized
INFO - 2024-06-10 13:59:20 --> Session: Class initialized using 'CodeIgniter\Session\Handlers\FileHandler' driver.
INFO - 2024-06-10 13:59:23 --> Session: Class initialized using 'CodeIgniter\Session\Handlers\FileHandler' driver.
INFO - 2024-06-10 13:59:26 --> Session: Class initialized using 'CodeIgniter\Session\Handlers\FileHandler' driver.
INFO - 2024-06-10 13:59:30 --> Session: Class initialized using 'CodeIgniter\Session\Handlers\FileHandler' driver.
INFO - 2024-06-10 13:59:30 --> Cart Class Initialized
INFO - 2024-06-10 13:59:30 --> Session: Class initialized using 'CodeIgniter\Session\Handlers\FileHandler' driver.
INFO - 2024-06-10 13:59:30 --> Cart Class Initialized
INFO - 2024-06-10 13:59:34 --> Session: Class initialized using 'CodeIgniter\Session\Handlers\FileHandler' driver.
INFO - 2024-06-10 13:59:34 --> Cart Class Initialized
ERROR - 2024-06-10 13:59:34 --> mysqli_sql_exception: Duplicate entry '16' for key 'PRIMARY' in C:\xampp\htdocs\proyecto_Beck_Pablo\system\Database\MySQLi\Connection.php:306
Stack trace:
#0 C:\xampp\htdocs\proyecto_Beck_Pablo\system\Database\MySQLi\Connection.php(306): mysqli->query('INSERT INTO `de...', 0)
#1 C:\xampp\htdocs\proyecto_Beck_Pablo\system\Database\BaseConnection.php(693): CodeIgniter\Database\MySQLi\Connection->execute('INSERT INTO `de...')
#2 C:\xampp\htdocs\proyecto_Beck_Pablo\system\Database\BaseConnection.php(607): CodeIgniter\Database\BaseConnection->simpleQuery('INSERT INTO `de...')
#3 C:\xampp\htdocs\proyecto_Beck_Pablo\system\Database\BaseBuilder.php(2307): CodeIgniter\Database\BaseConnection->query('INSERT INTO `de...', Array, false)
#4 C:\xampp\htdocs\proyecto_Beck_Pablo\system\Model.php(326): CodeIgniter\Database\BaseBuilder->insert()
#5 C:\xampp\htdocs\proyecto_Beck_Pablo\system\BaseModel.php(802): CodeIgniter\Model->doInsert(Array)
#6 C:\xampp\htdocs\proyecto_Beck_Pablo\system\Model.php(744): CodeIgniter\BaseModel->insert(Array, true)
#7 C:\xampp\htdocs\proyecto_Beck_Pablo\app\Controllers\CarritoController.php(89): CodeIgniter\Model->insert(Array)
#8 C:\xampp\htdocs\proyecto_Beck_Pablo\system\CodeIgniter.php(941): App\Controllers\CarritoController->guardarVenta()
#9 C:\xampp\htdocs\proyecto_Beck_Pablo\system\CodeIgniter.php(502): CodeIgniter\CodeIgniter->runController(Object(App\Controllers\CarritoController))
#10 C:\xampp\htdocs\proyecto_Beck_Pablo\system\CodeIgniter.php(361): CodeIgniter\CodeIgniter->handleRequest(NULL, Object(Config\Cache), false)
#11 C:\xampp\htdocs\proyecto_Beck_Pablo\index.php(79): CodeIgniter\CodeIgniter->run()
#12 {main}
CRITICAL - 2024-06-10 13:59:34 --> CodeIgniter\Database\Exceptions\DatabaseException: Duplicate entry '16' for key 'PRIMARY'
in SYSTEMPATH\Database\BaseConnection.php on line 647.
 1 SYSTEMPATH\Database\BaseBuilder.php(2307): CodeIgniter\Database\BaseConnection->query('INSERT INTO `detalle_venta` (`id_venta`, `id_producto`, `detalle_cantidad`, `detalle_precio`) VALUES (:id_venta:, :id_producto:, :detalle_cantidad:, :detalle_precio:)', [...], false)
 2 SYSTEMPATH\Model.php(326): CodeIgniter\Database\BaseBuilder->insert()
 3 SYSTEMPATH\BaseModel.php(802): CodeIgniter\Model->doInsert([...])
 4 SYSTEMPATH\Model.php(744): CodeIgniter\BaseModel->insert([...], true)
 5 APPPATH\Controllers\CarritoController.php(89): CodeIgniter\Model->insert([...])
 6 SYSTEMPATH\CodeIgniter.php(941): App\Controllers\CarritoController->guardarVenta()
 7 SYSTEMPATH\CodeIgniter.php(502): CodeIgniter\CodeIgniter->runController(Object(App\Controllers\CarritoController))
 8 SYSTEMPATH\CodeIgniter.php(361): CodeIgniter\CodeIgniter->handleRequest(null, Object(Config\Cache), false)
 9 FCPATH\index.php(79): CodeIgniter\CodeIgniter->run()
CRITICAL - 2024-06-10 13:59:34 --> [Caused by] CodeIgniter\Database\Exceptions\DatabaseException: Duplicate entry '16' for key 'PRIMARY'
in SYSTEMPATH\Database\MySQLi\Connection.php on line 311.
 1 SYSTEMPATH\Database\BaseConnection.php(693): CodeIgniter\Database\MySQLi\Connection->execute('INSERT INTO `detalle_venta` (`id_venta`, `id_producto`, `detalle_cantidad`, `detalle_precio`) VALUES (16, \'22\', 1, 16129)')
 2 SYSTEMPATH\Database\BaseConnection.php(607): CodeIgniter\Database\BaseConnection->simpleQuery('INSERT INTO `detalle_venta` (`id_venta`, `id_producto`, `detalle_cantidad`, `detalle_precio`) VALUES (16, \'22\', 1, 16129)')
 3 SYSTEMPATH\Database\BaseBuilder.php(2307): CodeIgniter\Database\BaseConnection->query('INSERT INTO `detalle_venta` (`id_venta`, `id_producto`, `detalle_cantidad`, `detalle_precio`) VALUES (:id_venta:, :id_producto:, :detalle_cantidad:, :detalle_precio:)', [...], false)
 4 SYSTEMPATH\Model.php(326): CodeIgniter\Database\BaseBuilder->insert()
 5 SYSTEMPATH\BaseModel.php(802): CodeIgniter\Model->doInsert([...])
 6 SYSTEMPATH\Model.php(744): CodeIgniter\BaseModel->insert([...], true)
 7 APPPATH\Controllers\CarritoController.php(89): CodeIgniter\Model->insert([...])
 8 SYSTEMPATH\CodeIgniter.php(941): App\Controllers\CarritoController->guardarVenta()
 9 SYSTEMPATH\CodeIgniter.php(502): CodeIgniter\CodeIgniter->runController(Object(App\Controllers\CarritoController))
10 SYSTEMPATH\CodeIgniter.php(361): CodeIgniter\CodeIgniter->handleRequest(null, Object(Config\Cache), false)
11 FCPATH\index.php(79): CodeIgniter\CodeIgniter->run()
CRITICAL - 2024-06-10 13:59:34 --> [Caused by] mysqli_sql_exception: Duplicate entry '16' for key 'PRIMARY'
in SYSTEMPATH\Database\MySQLi\Connection.php on line 306.
 1 SYSTEMPATH\Database\MySQLi\Connection.php(306): mysqli->query('INSERT INTO `detalle_venta` (`id_venta`, `id_producto`, `detalle_cantidad`, `detalle_precio`) VALUES (16, \'22\', 1, 16129)', 0)
 2 SYSTEMPATH\Database\BaseConnection.php(693): CodeIgniter\Database\MySQLi\Connection->execute('INSERT INTO `detalle_venta` (`id_venta`, `id_producto`, `detalle_cantidad`, `detalle_precio`) VALUES (16, \'22\', 1, 16129)')
 3 SYSTEMPATH\Database\BaseConnection.php(607): CodeIgniter\Database\BaseConnection->simpleQuery('INSERT INTO `detalle_venta` (`id_venta`, `id_producto`, `detalle_cantidad`, `detalle_precio`) VALUES (16, \'22\', 1, 16129)')
 4 SYSTEMPATH\Database\BaseBuilder.php(2307): CodeIgniter\Database\BaseConnection->query('INSERT INTO `detalle_venta` (`id_venta`, `id_producto`, `detalle_cantidad`, `detalle_precio`) VALUES (:id_venta:, :id_producto:, :detalle_cantidad:, :detalle_precio:)', [...], false)
 5 SYSTEMPATH\Model.php(326): CodeIgniter\Database\BaseBuilder->insert()
 6 SYSTEMPATH\BaseModel.php(802): CodeIgniter\Model->doInsert([...])
 7 SYSTEMPATH\Model.php(744): CodeIgniter\BaseModel->insert([...], true)
 8 APPPATH\Controllers\CarritoController.php(89): CodeIgniter\Model->insert([...])
 9 SYSTEMPATH\CodeIgniter.php(941): App\Controllers\CarritoController->guardarVenta()
10 SYSTEMPATH\CodeIgniter.php(502): CodeIgniter\CodeIgniter->runController(Object(App\Controllers\CarritoController))
11 SYSTEMPATH\CodeIgniter.php(361): CodeIgniter\CodeIgniter->handleRequest(null, Object(Config\Cache), false)
12 FCPATH\index.php(79): CodeIgniter\CodeIgniter->run()
INFO - 2024-06-10 14:03:44 --> Session: Class initialized using 'CodeIgniter\Session\Handlers\FileHandler' driver.
INFO - 2024-06-10 14:03:44 --> Cart Class Initialized
INFO - 2024-06-10 14:03:47 --> Session: Class initialized using 'CodeIgniter\Session\Handlers\FileHandler' driver.
INFO - 2024-06-10 14:03:47 --> Cart Class Initialized
INFO - 2024-06-10 14:03:48 --> Session: Class initialized using 'CodeIgniter\Session\Handlers\FileHandler' driver.
INFO - 2024-06-10 14:03:48 --> Cart Class Initialized
INFO - 2024-06-10 14:03:50 --> Session: Class initialized using 'CodeIgniter\Session\Handlers\FileHandler' driver.
INFO - 2024-06-10 14:03:54 --> Session: Class initialized using 'CodeIgniter\Session\Handlers\FileHandler' driver.
INFO - 2024-06-10 14:03:57 --> Session: Class initialized using 'CodeIgniter\Session\Handlers\FileHandler' driver.
INFO - 2024-06-10 14:03:57 --> Cart Class Initialized
INFO - 2024-06-10 14:03:57 --> Session: Class initialized using 'CodeIgniter\Session\Handlers\FileHandler' driver.
INFO - 2024-06-10 14:03:57 --> Cart Class Initialized
INFO - 2024-06-10 14:04:00 --> Session: Class initialized using 'CodeIgniter\Session\Handlers\FileHandler' driver.
INFO - 2024-06-10 14:04:03 --> Session: Class initialized using 'CodeIgniter\Session\Handlers\FileHandler' driver.
INFO - 2024-06-10 14:04:05 --> Session: Class initialized using 'CodeIgniter\Session\Handlers\FileHandler' driver.
INFO - 2024-06-10 14:04:05 --> Cart Class Initialized
INFO - 2024-06-10 14:04:06 --> Session: Class initialized using 'CodeIgniter\Session\Handlers\FileHandler' driver.
INFO - 2024-06-10 14:04:06 --> Cart Class Initialized
INFO - 2024-06-10 14:04:35 --> Session: Class initialized using 'CodeIgniter\Session\Handlers\FileHandler' driver.
INFO - 2024-06-10 14:04:35 --> Cart Class Initialized
INFO - 2024-06-10 14:04:35 --> Session: Class initialized using 'CodeIgniter\Session\Handlers\FileHandler' driver.
INFO - 2024-06-10 14:14:19 --> Session: Class initialized using 'CodeIgniter\Session\Handlers\FileHandler' driver.
CRITICAL - 2024-06-10 14:14:19 --> ErrorException: Undefined array key "producto_imagen"
in APPPATH\Views\back-end\modificarProducto_view.php on line 35.
 1 APPPATH\Views\back-end\modificarProducto_view.php(35): CodeIgniter\Debug\Exceptions->errorHandler(2, 'Undefined array key "producto_imagen"', 'C:\\xampp\\htdocs\\proyecto_Beck_Pablo\\app\\Views\\back-end\\modificarProducto_view.php', 35)
 2 SYSTEMPATH\View\View.php(228): include('C:\\xampp\\htdocs\\proyecto_Beck_Pablo\\app\\Views\\back-end\\modificarProducto_view.php')
 3 SYSTEMPATH\View\View.php(231): CodeIgniter\View\View->CodeIgniter\View\{closure}()
 4 SYSTEMPATH\Common.php(1178): CodeIgniter\View\View->render('back-end/modificarProducto_view', [], true)
 5 APPPATH\Controllers\Administracion.php(150): view('back-end/modificarProducto_view')
 6 SYSTEMPATH\CodeIgniter.php(941): App\Controllers\Administracion->editar_producto('19', '19')
 7 SYSTEMPATH\CodeIgniter.php(502): CodeIgniter\CodeIgniter->runController(Object(App\Controllers\Administracion))
 8 SYSTEMPATH\CodeIgniter.php(361): CodeIgniter\CodeIgniter->handleRequest(null, Object(Config\Cache), false)
 9 FCPATH\index.php(79): CodeIgniter\CodeIgniter->run()
INFO - 2024-06-10 14:15:20 --> Session: Class initialized using 'CodeIgniter\Session\Handlers\FileHandler' driver.
INFO - 2024-06-10 14:15:47 --> Session: Class initialized using 'CodeIgniter\Session\Handlers\FileHandler' driver.
INFO - 2024-06-10 14:15:51 --> Session: Class initialized using 'CodeIgniter\Session\Handlers\FileHandler' driver.
INFO - 2024-06-10 14:16:33 --> Session: Class initialized using 'CodeIgniter\Session\Handlers\FileHandler' driver.
INFO - 2024-06-10 14:17:09 --> Session: Class initialized using 'CodeIgniter\Session\Handlers\FileHandler' driver.
INFO - 2024-06-10 14:17:24 --> Session: Class initialized using 'CodeIgniter\Session\Handlers\FileHandler' driver.
INFO - 2024-06-10 14:17:43 --> Session: Class initialized using 'CodeIgniter\Session\Handlers\FileHandler' driver.
INFO - 2024-06-10 14:17:46 --> Session: Class initialized using 'CodeIgniter\Session\Handlers\FileHandler' driver.
INFO - 2024-06-10 14:34:01 --> Session: Class initialized using 'CodeIgniter\Session\Handlers\FileHandler' driver.
INFO - 2024-06-10 14:34:04 --> Session: Class initialized using 'CodeIgniter\Session\Handlers\FileHandler' driver.
INFO - 2024-06-10 14:34:10 --> Session: Class initialized using 'CodeIgniter\Session\Handlers\FileHandler' driver.
INFO - 2024-06-10 15:41:43 --> Session: Class initialized using 'CodeIgniter\Session\Handlers\FileHandler' driver.
INFO - 2024-06-10 15:41:56 --> Session: Class initialized using 'CodeIgniter\Session\Handlers\FileHandler' driver.
INFO - 2024-06-10 15:41:59 --> Session: Class initialized using 'CodeIgniter\Session\Handlers\FileHandler' driver.
INFO - 2024-06-10 15:42:02 --> Session: Class initialized using 'CodeIgniter\Session\Handlers\FileHandler' driver.
INFO - 2024-06-10 15:42:08 --> Session: Class initialized using 'CodeIgniter\Session\Handlers\FileHandler' driver.
INFO - 2024-06-10 15:42:11 --> Session: Class initialized using 'CodeIgniter\Session\Handlers\FileHandler' driver.
INFO - 2024-06-10 15:42:11 --> Cart Class Initialized
INFO - 2024-06-10 15:42:12 --> Session: Class initialized using 'CodeIgniter\Session\Handlers\FileHandler' driver.
INFO - 2024-06-10 15:42:12 --> Cart Class Initialized
INFO - 2024-06-10 15:42:15 --> Session: Class initialized using 'CodeIgniter\Session\Handlers\FileHandler' driver.
INFO - 2024-06-10 15:42:15 --> Cart Class Initialized
INFO - 2024-06-10 15:42:15 --> Session: Class initialized using 'CodeIgniter\Session\Handlers\FileHandler' driver.
INFO - 2024-06-10 15:42:26 --> Session: Class initialized using 'CodeIgniter\Session\Handlers\FileHandler' driver.
INFO - 2024-06-10 15:42:29 --> Session: Class initialized using 'CodeIgniter\Session\Handlers\FileHandler' driver.
INFO - 2024-06-10 15:42:29 --> Cart Class Initialized
INFO - 2024-06-10 15:44:56 --> Session: Class initialized using 'CodeIgniter\Session\Handlers\FileHandler' driver.
INFO - 2024-06-10 16:10:56 --> Session: Class initialized using 'CodeIgniter\Session\Handlers\FileHandler' driver.
INFO - 2024-06-10 19:59:14 --> Session: Class initialized using 'CodeIgniter\Session\Handlers\FileHandler' driver.
INFO - 2024-06-10 19:59:18 --> Session: Class initialized using 'CodeIgniter\Session\Handlers\FileHandler' driver.
INFO - 2024-06-10 21:39:12 --> Session: Class initialized using 'CodeIgniter\Session\Handlers\FileHandler' driver.
INFO - 2024-06-10 22:04:08 --> Session: Class initialized using 'CodeIgniter\Session\Handlers\FileHandler' driver.
INFO - 2024-06-10 22:04:08 --> Session: Class initialized using 'CodeIgniter\Session\Handlers\FileHandler' driver.
INFO - 2024-06-10 22:06:27 --> Session: Class initialized using 'CodeIgniter\Session\Handlers\FileHandler' driver.
CRITICAL - 2024-06-10 22:06:29 --> Error: Class "App\Controllers\Usuarios" not found
in APPPATH\Controllers\Administracion.php on line 243.
 1 SYSTEMPATH\CodeIgniter.php(941): App\Controllers\Administracion->listadoDeVentas()
 2 SYSTEMPATH\CodeIgniter.php(502): CodeIgniter\CodeIgniter->runController(Object(App\Controllers\Administracion))
 3 SYSTEMPATH\CodeIgniter.php(361): CodeIgniter\CodeIgniter->handleRequest(null, Object(Config\Cache), false)
 4 FCPATH\index.php(79): CodeIgniter\CodeIgniter->run()
CRITICAL - 2024-06-10 22:06:48 --> Error: Class "App\Controllers\Ventas" not found
in APPPATH\Controllers\Administracion.php on line 243.
 1 SYSTEMPATH\CodeIgniter.php(941): App\Controllers\Administracion->listadoDeVentas()
 2 SYSTEMPATH\CodeIgniter.php(502): CodeIgniter\CodeIgniter->runController(Object(App\Controllers\Administracion))
 3 SYSTEMPATH\CodeIgniter.php(361): CodeIgniter\CodeIgniter->handleRequest(null, Object(Config\Cache), false)
 4 FCPATH\index.php(79): CodeIgniter\CodeIgniter->run()
ERROR - 2024-06-10 22:07:17 --> mysqli_sql_exception: Unknown column 'productos.nombre' in 'field list' in C:\xampp\htdocs\proyecto_Beck_Pablo\system\Database\MySQLi\Connection.php:306
Stack trace:
#0 C:\xampp\htdocs\proyecto_Beck_Pablo\system\Database\MySQLi\Connection.php(306): mysqli->query('SELECT `ventas`...', 0)
#1 C:\xampp\htdocs\proyecto_Beck_Pablo\system\Database\BaseConnection.php(693): CodeIgniter\Database\MySQLi\Connection->execute('SELECT `ventas`...')
#2 C:\xampp\htdocs\proyecto_Beck_Pablo\system\Database\BaseConnection.php(607): CodeIgniter\Database\BaseConnection->simpleQuery('SELECT `ventas`...')
#3 C:\xampp\htdocs\proyecto_Beck_Pablo\system\Database\BaseBuilder.php(1616): CodeIgniter\Database\BaseConnection->query('SELECT `ventas`...', Array, false)
#4 C:\xampp\htdocs\proyecto_Beck_Pablo\system\Model.php(242): CodeIgniter\Database\BaseBuilder->get()
#5 C:\xampp\htdocs\proyecto_Beck_Pablo\system\BaseModel.php(638): CodeIgniter\Model->doFindAll(0, 0)
#6 C:\xampp\htdocs\proyecto_Beck_Pablo\app\Controllers\Administracion.php(251): CodeIgniter\BaseModel->findAll()
#7 C:\xampp\htdocs\proyecto_Beck_Pablo\system\CodeIgniter.php(941): App\Controllers\Administracion->listadoDeVentas()
#8 C:\xampp\htdocs\proyecto_Beck_Pablo\system\CodeIgniter.php(502): CodeIgniter\CodeIgniter->runController(Object(App\Controllers\Administracion))
#9 C:\xampp\htdocs\proyecto_Beck_Pablo\system\CodeIgniter.php(361): CodeIgniter\CodeIgniter->handleRequest(NULL, Object(Config\Cache), false)
#10 C:\xampp\htdocs\proyecto_Beck_Pablo\index.php(79): CodeIgniter\CodeIgniter->run()
#11 {main}
CRITICAL - 2024-06-10 22:07:17 --> CodeIgniter\Database\Exceptions\DatabaseException: Unknown column 'productos.nombre' in 'field list'
in SYSTEMPATH\Database\BaseConnection.php on line 647.
 1 SYSTEMPATH\Database\BaseBuilder.php(1616): CodeIgniter\Database\BaseConnection->query('SELECT `ventas`.`id_venta`, `ventas`.`id_cliente`, `ventas`.`fecha_venta`, `usuarios`.`nombre` as `nombre_cliente`, `productos`.`nombre` as `nombre_producto`
FROM `ventas`
JOIN `detalle_venta` ON `detalle_venta`.`id_venta` = `ventas`.`id_venta`
JOIN `usuarios` ON `usuarios`.`id` = `ventas`.`id_cliente`
JOIN `productos` ON `productos`.`id_producto` = `detalle_venta`.`id_producto`', [], false)
 2 SYSTEMPATH\Model.php(242): CodeIgniter\Database\BaseBuilder->get()
 3 SYSTEMPATH\BaseModel.php(638): CodeIgniter\Model->doFindAll(0, 0)
 4 APPPATH\Controllers\Administracion.php(251): CodeIgniter\BaseModel->findAll()
 5 SYSTEMPATH\CodeIgniter.php(941): App\Controllers\Administracion->listadoDeVentas()
 6 SYSTEMPATH\CodeIgniter.php(502): CodeIgniter\CodeIgniter->runController(Object(App\Controllers\Administracion))
 7 SYSTEMPATH\CodeIgniter.php(361): CodeIgniter\CodeIgniter->handleRequest(null, Object(Config\Cache), false)
 8 FCPATH\index.php(79): CodeIgniter\CodeIgniter->run()
CRITICAL - 2024-06-10 22:07:17 --> [Caused by] CodeIgniter\Database\Exceptions\DatabaseException: Unknown column 'productos.nombre' in 'field list'
in SYSTEMPATH\Database\MySQLi\Connection.php on line 311.
 1 SYSTEMPATH\Database\BaseConnection.php(693): CodeIgniter\Database\MySQLi\Connection->execute('SELECT `ventas`.`id_venta`, `ventas`.`id_cliente`, `ventas`.`fecha_venta`, `usuarios`.`nombre` as `nombre_cliente`, `productos`.`nombre` as `nombre_producto`
FROM `ventas`
JOIN `detalle_venta` ON `detalle_venta`.`id_venta` = `ventas`.`id_venta`
JOIN `usuarios` ON `usuarios`.`id` = `ventas`.`id_cliente`
JOIN `productos` ON `productos`.`id_producto` = `detalle_venta`.`id_producto`')
 2 SYSTEMPATH\Database\BaseConnection.php(607): CodeIgniter\Database\BaseConnection->simpleQuery('SELECT `ventas`.`id_venta`, `ventas`.`id_cliente`, `ventas`.`fecha_venta`, `usuarios`.`nombre` as `nombre_cliente`, `productos`.`nombre` as `nombre_producto`
FROM `ventas`
JOIN `detalle_venta` ON `detalle_venta`.`id_venta` = `ventas`.`id_venta`
JOIN `usuarios` ON `usuarios`.`id` = `ventas`.`id_cliente`
JOIN `productos` ON `productos`.`id_producto` = `detalle_venta`.`id_producto`')
 3 SYSTEMPATH\Database\BaseBuilder.php(1616): CodeIgniter\Database\BaseConnection->query('SELECT `ventas`.`id_venta`, `ventas`.`id_cliente`, `ventas`.`fecha_venta`, `usuarios`.`nombre` as `nombre_cliente`, `productos`.`nombre` as `nombre_producto`
FROM `ventas`
JOIN `detalle_venta` ON `detalle_venta`.`id_venta` = `ventas`.`id_venta`
JOIN `usuarios` ON `usuarios`.`id` = `ventas`.`id_cliente`
JOIN `productos` ON `productos`.`id_producto` = `detalle_venta`.`id_producto`', [], false)
 4 SYSTEMPATH\Model.php(242): CodeIgniter\Database\BaseBuilder->get()
 5 SYSTEMPATH\BaseModel.php(638): CodeIgniter\Model->doFindAll(0, 0)
 6 APPPATH\Controllers\Administracion.php(251): CodeIgniter\BaseModel->findAll()
 7 SYSTEMPATH\CodeIgniter.php(941): App\Controllers\Administracion->listadoDeVentas()
 8 SYSTEMPATH\CodeIgniter.php(502): CodeIgniter\CodeIgniter->runController(Object(App\Controllers\Administracion))
 9 SYSTEMPATH\CodeIgniter.php(361): CodeIgniter\CodeIgniter->handleRequest(null, Object(Config\Cache), false)
10 FCPATH\index.php(79): CodeIgniter\CodeIgniter->run()
CRITICAL - 2024-06-10 22:07:17 --> [Caused by] mysqli_sql_exception: Unknown column 'productos.nombre' in 'field list'
in SYSTEMPATH\Database\MySQLi\Connection.php on line 306.
 1 SYSTEMPATH\Database\MySQLi\Connection.php(306): mysqli->query('SELECT `ventas`.`id_venta`, `ventas`.`id_cliente`, `ventas`.`fecha_venta`, `usuarios`.`nombre` as `nombre_cliente`, `productos`.`nombre` as `nombre_producto`
FROM `ventas`
JOIN `detalle_venta` ON `detalle_venta`.`id_venta` = `ventas`.`id_venta`
JOIN `usuarios` ON `usuarios`.`id` = `ventas`.`id_cliente`
JOIN `productos` ON `productos`.`id_producto` = `detalle_venta`.`id_producto`', 0)
 2 SYSTEMPATH\Database\BaseConnection.php(693): CodeIgniter\Database\MySQLi\Connection->execute('SELECT `ventas`.`id_venta`, `ventas`.`id_cliente`, `ventas`.`fecha_venta`, `usuarios`.`nombre` as `nombre_cliente`, `productos`.`nombre` as `nombre_producto`
FROM `ventas`
JOIN `detalle_venta` ON `detalle_venta`.`id_venta` = `ventas`.`id_venta`
JOIN `usuarios` ON `usuarios`.`id` = `ventas`.`id_cliente`
JOIN `productos` ON `productos`.`id_producto` = `detalle_venta`.`id_producto`')
 3 SYSTEMPATH\Database\BaseConnection.php(607): CodeIgniter\Database\BaseConnection->simpleQuery('SELECT `ventas`.`id_venta`, `ventas`.`id_cliente`, `ventas`.`fecha_venta`, `usuarios`.`nombre` as `nombre_cliente`, `productos`.`nombre` as `nombre_producto`
FROM `ventas`
JOIN `detalle_venta` ON `detalle_venta`.`id_venta` = `ventas`.`id_venta`
JOIN `usuarios` ON `usuarios`.`id` = `ventas`.`id_cliente`
JOIN `productos` ON `productos`.`id_producto` = `detalle_venta`.`id_producto`')
 4 SYSTEMPATH\Database\BaseBuilder.php(1616): CodeIgniter\Database\BaseConnection->query('SELECT `ventas`.`id_venta`, `ventas`.`id_cliente`, `ventas`.`fecha_venta`, `usuarios`.`nombre` as `nombre_cliente`, `productos`.`nombre` as `nombre_producto`
FROM `ventas`
JOIN `detalle_venta` ON `detalle_venta`.`id_venta` = `ventas`.`id_venta`
JOIN `usuarios` ON `usuarios`.`id` = `ventas`.`id_cliente`
JOIN `productos` ON `productos`.`id_producto` = `detalle_venta`.`id_producto`', [], false)
 5 SYSTEMPATH\Model.php(242): CodeIgniter\Database\BaseBuilder->get()
 6 SYSTEMPATH\BaseModel.php(638): CodeIgniter\Model->doFindAll(0, 0)
 7 APPPATH\Controllers\Administracion.php(251): CodeIgniter\BaseModel->findAll()
 8 SYSTEMPATH\CodeIgniter.php(941): App\Controllers\Administracion->listadoDeVentas()
 9 SYSTEMPATH\CodeIgniter.php(502): CodeIgniter\CodeIgniter->runController(Object(App\Controllers\Administracion))
10 SYSTEMPATH\CodeIgniter.php(361): CodeIgniter\CodeIgniter->handleRequest(null, Object(Config\Cache), false)
11 FCPATH\index.php(79): CodeIgniter\CodeIgniter->run()
INFO - 2024-06-10 22:24:21 --> Session: Class initialized using 'CodeIgniter\Session\Handlers\FileHandler' driver.
INFO - 2024-06-10 22:24:24 --> Session: Class initialized using 'CodeIgniter\Session\Handlers\FileHandler' driver.
CRITICAL - 2024-06-10 22:24:26 --> Error: Class "App\Controllers\Usuarios" not found
in APPPATH\Controllers\Administracion.php on line 244.
 1 SYSTEMPATH\CodeIgniter.php(941): App\Controllers\Administracion->listadoDeVentas()
 2 SYSTEMPATH\CodeIgniter.php(502): CodeIgniter\CodeIgniter->runController(Object(App\Controllers\Administracion))
 3 SYSTEMPATH\CodeIgniter.php(361): CodeIgniter\CodeIgniter->handleRequest(null, Object(Config\Cache), false)
 4 FCPATH\index.php(79): CodeIgniter\CodeIgniter->run()
CRITICAL - 2024-06-10 22:25:07 --> Error: Class "App\Controllers\Ventas" not found
in APPPATH\Controllers\Administracion.php on line 248.
 1 SYSTEMPATH\CodeIgniter.php(941): App\Controllers\Administracion->listadoDeVentas()
 2 SYSTEMPATH\CodeIgniter.php(502): CodeIgniter\CodeIgniter->runController(Object(App\Controllers\Administracion))
 3 SYSTEMPATH\CodeIgniter.php(361): CodeIgniter\CodeIgniter->handleRequest(null, Object(Config\Cache), false)
 4 FCPATH\index.php(79): CodeIgniter\CodeIgniter->run()
INFO - 2024-06-10 22:25:16 --> Session: Class initialized using 'CodeIgniter\Session\Handlers\FileHandler' driver.
CRITICAL - 2024-06-10 22:25:16 --> ErrorException: Undefined array key "id_venta"
in APPPATH\Views\back-end\listarVentas.php on line 17.
 1 APPPATH\Views\back-end\listarVentas.php(17): CodeIgniter\Debug\Exceptions->errorHandler(2, 'Undefined array key "id_venta"', 'C:\\xampp\\htdocs\\proyecto_Beck_Pablo\\app\\Views\\back-end\\listarVentas.php', 17)
 2 SYSTEMPATH\View\View.php(228): include('C:\\xampp\\htdocs\\proyecto_Beck_Pablo\\app\\Views\\back-end\\listarVentas.php')
 3 SYSTEMPATH\View\View.php(231): CodeIgniter\View\View->CodeIgniter\View\{closure}()
 4 SYSTEMPATH\Common.php(1178): CodeIgniter\View\View->render('back-end/listarVentas', [], true)
 5 APPPATH\Controllers\Administracion.php(264): view('back-end/listarVentas')
 6 SYSTEMPATH\CodeIgniter.php(941): App\Controllers\Administracion->listadoDeVentas()
 7 SYSTEMPATH\CodeIgniter.php(502): CodeIgniter\CodeIgniter->runController(Object(App\Controllers\Administracion))
 8 SYSTEMPATH\CodeIgniter.php(361): CodeIgniter\CodeIgniter->handleRequest(null, Object(Config\Cache), false)
 9 FCPATH\index.php(79): CodeIgniter\CodeIgniter->run()
INFO - 2024-06-10 22:27:10 --> Session: Class initialized using 'CodeIgniter\Session\Handlers\FileHandler' driver.
INFO - 2024-06-10 22:27:12 --> Session: Class initialized using 'CodeIgniter\Session\Handlers\FileHandler' driver.
INFO - 2024-06-10 22:27:15 --> Session: Class initialized using 'CodeIgniter\Session\Handlers\FileHandler' driver.
INFO - 2024-06-10 22:29:44 --> Session: Class initialized using 'CodeIgniter\Session\Handlers\FileHandler' driver.
INFO - 2024-06-10 22:30:46 --> Session: Class initialized using 'CodeIgniter\Session\Handlers\FileHandler' driver.
INFO - 2024-06-10 22:31:16 --> Session: Class initialized using 'CodeIgniter\Session\Handlers\FileHandler' driver.
INFO - 2024-06-10 22:31:30 --> Session: Class initialized using 'CodeIgniter\Session\Handlers\FileHandler' driver.
INFO - 2024-06-10 22:32:24 --> Session: Class initialized using 'CodeIgniter\Session\Handlers\FileHandler' driver.
INFO - 2024-06-10 22:32:49 --> Session: Class initialized using 'CodeIgniter\Session\Handlers\FileHandler' driver.
INFO - 2024-06-10 22:32:59 --> Session: Class initialized using 'CodeIgniter\Session\Handlers\FileHandler' driver.
INFO - 2024-06-10 22:43:57 --> Session: Class initialized using 'CodeIgniter\Session\Handlers\FileHandler' driver.
INFO - 2024-06-10 22:44:02 --> Session: Class initialized using 'CodeIgniter\Session\Handlers\FileHandler' driver.
INFO - 2024-06-10 22:58:16 --> Session: Class initialized using 'CodeIgniter\Session\Handlers\FileHandler' driver.
INFO - 2024-06-10 22:58:19 --> Session: Class initialized using 'CodeIgniter\Session\Handlers\FileHandler' driver.
INFO - 2024-06-10 22:58:20 --> Session: Class initialized using 'CodeIgniter\Session\Handlers\FileHandler' driver.
INFO - 2024-06-10 22:58:24 --> Session: Class initialized using 'CodeIgniter\Session\Handlers\FileHandler' driver.
INFO - 2024-06-10 22:58:24 --> Cart Class Initialized
INFO - 2024-06-10 22:58:28 --> Session: Class initialized using 'CodeIgniter\Session\Handlers\FileHandler' driver.
INFO - 2024-06-10 23:03:45 --> Session: Class initialized using 'CodeIgniter\Session\Handlers\FileHandler' driver.
INFO - 2024-06-10 23:04:01 --> Session: Class initialized using 'CodeIgniter\Session\Handlers\FileHandler' driver.
INFO - 2024-06-10 23:04:05 --> Session: Class initialized using 'CodeIgniter\Session\Handlers\FileHandler' driver.
INFO - 2024-06-10 23:04:39 --> Session: Class initialized using 'CodeIgniter\Session\Handlers\FileHandler' driver.
INFO - 2024-06-10 23:04:39 --> Session: Class initialized using 'CodeIgniter\Session\Handlers\FileHandler' driver.
INFO - 2024-06-10 23:04:49 --> Session: Class initialized using 'CodeIgniter\Session\Handlers\FileHandler' driver.
INFO - 2024-06-10 23:11:09 --> Session: Class initialized using 'CodeIgniter\Session\Handlers\FileHandler' driver.
INFO - 2024-06-10 23:11:12 --> Session: Class initialized using 'CodeIgniter\Session\Handlers\FileHandler' driver.
INFO - 2024-06-10 23:11:13 --> Session: Class initialized using 'CodeIgniter\Session\Handlers\FileHandler' driver.
INFO - 2024-06-10 23:11:15 --> Session: Class initialized using 'CodeIgniter\Session\Handlers\FileHandler' driver.
INFO - 2024-06-10 23:11:28 --> Session: Class initialized using 'CodeIgniter\Session\Handlers\FileHandler' driver.
INFO - 2024-06-10 23:11:28 --> Session: Class initialized using 'CodeIgniter\Session\Handlers\FileHandler' driver.
INFO - 2024-06-10 23:11:44 --> Session: Class initialized using 'CodeIgniter\Session\Handlers\FileHandler' driver.
INFO - 2024-06-10 23:11:45 --> Session: Class initialized using 'CodeIgniter\Session\Handlers\FileHandler' driver.
INFO - 2024-06-10 23:11:52 --> Session: Class initialized using 'CodeIgniter\Session\Handlers\FileHandler' driver.
CRITICAL - 2024-06-10 23:25:22 --> ErrorException: Undefined variable $id
in APPPATH\Views\plantilla\nav.php on line 30.
 1 APPPATH\Views\plantilla\nav.php(30): CodeIgniter\Debug\Exceptions->errorHandler(2, 'Undefined variable $id', 'C:\\xampp\\htdocs\\proyecto_Beck_Pablo\\app\\Views\\plantilla\\nav.php', 30)
 2 SYSTEMPATH\View\View.php(228): include('C:\\xampp\\htdocs\\proyecto_Beck_Pablo\\app\\Views\\plantilla\\nav.php')
 3 SYSTEMPATH\View\View.php(231): CodeIgniter\View\View->CodeIgniter\View\{closure}()
 4 SYSTEMPATH\Common.php(1178): CodeIgniter\View\View->render('plantilla/nav', [], true)
 5 APPPATH\Controllers\Home.php(15): view('plantilla/nav')
 6 SYSTEMPATH\CodeIgniter.php(941): App\Controllers\Home->index()
 7 SYSTEMPATH\CodeIgniter.php(502): CodeIgniter\CodeIgniter->runController(Object(App\Controllers\Home))
 8 SYSTEMPATH\CodeIgniter.php(361): CodeIgniter\CodeIgniter->handleRequest(null, Object(Config\Cache), false)
 9 FCPATH\index.php(79): CodeIgniter\CodeIgniter->run()
CRITICAL - 2024-06-10 23:28:07 --> ErrorException: Undefined variable $id
in APPPATH\Views\plantilla\nav.php on line 30.
 1 APPPATH\Views\plantilla\nav.php(30): CodeIgniter\Debug\Exceptions->errorHandler(2, 'Undefined variable $id', 'C:\\xampp\\htdocs\\proyecto_Beck_Pablo\\app\\Views\\plantilla\\nav.php', 30)
 2 SYSTEMPATH\View\View.php(228): include('C:\\xampp\\htdocs\\proyecto_Beck_Pablo\\app\\Views\\plantilla\\nav.php')
 3 SYSTEMPATH\View\View.php(231): CodeIgniter\View\View->CodeIgniter\View\{closure}()
 4 SYSTEMPATH\Common.php(1178): CodeIgniter\View\View->render('plantilla/nav', [], true)
 5 APPPATH\Controllers\Home.php(15): view('plantilla/nav')
 6 SYSTEMPATH\CodeIgniter.php(941): App\Controllers\Home->index()
 7 SYSTEMPATH\CodeIgniter.php(502): CodeIgniter\CodeIgniter->runController(Object(App\Controllers\Home))
 8 SYSTEMPATH\CodeIgniter.php(361): CodeIgniter\CodeIgniter->handleRequest(null, Object(Config\Cache), false)
 9 FCPATH\index.php(79): CodeIgniter\CodeIgniter->run()
