CRITICAL - 2024-05-14 12:03:26 --> ErrorException: Undefined variable $titulo
in APPPATH\Views\plantilla\cabeza.php on line 6.
 1 APPPATH\Views\plantilla\cabeza.php(6): CodeIgniter\Debug\Exceptions->errorHandler(2, 'Undefined variable $titulo', 'C:\\xampp\\htdocs\\proyecto_Beck_Pablo\\app\\Views\\plantilla\\cabeza.php', 6)
 2 SYSTEMPATH\View\View.php(228): include('C:\\xampp\\htdocs\\proyecto_Beck_Pablo\\app\\Views\\plantilla\\cabeza.php')
 3 SYSTEMPATH\View\View.php(231): CodeIgniter\View\View->CodeIgniter\View\{closure}()
 4 SYSTEMPATH\Common.php(1178): CodeIgniter\View\View->render('plantilla/cabeza', [], true)
 5 APPPATH\Controllers\ValidarFormularios.php(21): view('plantilla/cabeza', [...])
 6 SYSTEMPATH\CodeIgniter.php(941): App\Controllers\ValidarFormularios->validarFormularioConsulta()
 7 SYSTEMPATH\CodeIgniter.php(502): CodeIgniter\CodeIgniter->runController(Object(App\Controllers\ValidarFormularios))
 8 SYSTEMPATH\CodeIgniter.php(361): CodeIgniter\CodeIgniter->handleRequest(null, Object(Config\Cache), false)
 9 FCPATH\index.php(79): CodeIgniter\CodeIgniter->run()
CRITICAL - 2024-05-14 12:04:46 --> ErrorException: Undefined variable $titulo
in APPPATH\Views\plantilla\cabeza.php on line 6.
 1 APPPATH\Views\plantilla\cabeza.php(6): CodeIgniter\Debug\Exceptions->errorHandler(2, 'Undefined variable $titulo', 'C:\\xampp\\htdocs\\proyecto_Beck_Pablo\\app\\Views\\plantilla\\cabeza.php', 6)
 2 SYSTEMPATH\View\View.php(228): include('C:\\xampp\\htdocs\\proyecto_Beck_Pablo\\app\\Views\\plantilla\\cabeza.php')
 3 SYSTEMPATH\View\View.php(231): CodeIgniter\View\View->CodeIgniter\View\{closure}()
 4 SYSTEMPATH\Common.php(1178): CodeIgniter\View\View->render('plantilla/cabeza', [], true)
 5 APPPATH\Controllers\ValidarFormularios.php(21): view('plantilla/cabeza', [...])
 6 SYSTEMPATH\CodeIgniter.php(941): App\Controllers\ValidarFormularios->validarFormularioConsulta()
 7 SYSTEMPATH\CodeIgniter.php(502): CodeIgniter\CodeIgniter->runController(Object(App\Controllers\ValidarFormularios))
 8 SYSTEMPATH\CodeIgniter.php(361): CodeIgniter\CodeIgniter->handleRequest(null, Object(Config\Cache), false)
 9 FCPATH\index.php(79): CodeIgniter\CodeIgniter->run()
CRITICAL - 2024-05-14 12:05:55 --> ErrorException: Undefined variable $titulo
in APPPATH\Views\plantilla\cabeza.php on line 6.
 1 APPPATH\Views\plantilla\cabeza.php(6): CodeIgniter\Debug\Exceptions->errorHandler(2, 'Undefined variable $titulo', 'C:\\xampp\\htdocs\\proyecto_Beck_Pablo\\app\\Views\\plantilla\\cabeza.php', 6)
 2 SYSTEMPATH\View\View.php(228): include('C:\\xampp\\htdocs\\proyecto_Beck_Pablo\\app\\Views\\plantilla\\cabeza.php')
 3 SYSTEMPATH\View\View.php(231): CodeIgniter\View\View->CodeIgniter\View\{closure}()
 4 SYSTEMPATH\Common.php(1178): CodeIgniter\View\View->render('plantilla/cabeza', [], true)
 5 APPPATH\Controllers\ValidarFormularios.php(21): view('plantilla/cabeza', [...])
 6 SYSTEMPATH\CodeIgniter.php(941): App\Controllers\ValidarFormularios->validarFormularioConsulta()
 7 SYSTEMPATH\CodeIgniter.php(502): CodeIgniter\CodeIgniter->runController(Object(App\Controllers\ValidarFormularios))
 8 SYSTEMPATH\CodeIgniter.php(361): CodeIgniter\CodeIgniter->handleRequest(null, Object(Config\Cache), false)
 9 FCPATH\index.php(79): CodeIgniter\CodeIgniter->run()
CRITICAL - 2024-05-14 12:06:47 --> ErrorException: Undefined variable $titulo
in APPPATH\Views\plantilla\cabeza.php on line 6.
 1 APPPATH\Views\plantilla\cabeza.php(6): CodeIgniter\Debug\Exceptions->errorHandler(2, 'Undefined variable $titulo', 'C:\\xampp\\htdocs\\proyecto_Beck_Pablo\\app\\Views\\plantilla\\cabeza.php', 6)
 2 SYSTEMPATH\View\View.php(228): include('C:\\xampp\\htdocs\\proyecto_Beck_Pablo\\app\\Views\\plantilla\\cabeza.php')
 3 SYSTEMPATH\View\View.php(231): CodeIgniter\View\View->CodeIgniter\View\{closure}()
 4 SYSTEMPATH\Common.php(1178): CodeIgniter\View\View->render('plantilla/cabeza', [], true)
 5 APPPATH\Controllers\ValidarFormularios.php(21): view('plantilla/cabeza', [...])
 6 SYSTEMPATH\CodeIgniter.php(941): App\Controllers\ValidarFormularios->validarFormularioConsulta()
 7 SYSTEMPATH\CodeIgniter.php(502): CodeIgniter\CodeIgniter->runController(Object(App\Controllers\ValidarFormularios))
 8 SYSTEMPATH\CodeIgniter.php(361): CodeIgniter\CodeIgniter->handleRequest(null, Object(Config\Cache), false)
 9 FCPATH\index.php(79): CodeIgniter\CodeIgniter->run()
CRITICAL - 2024-05-14 12:10:05 --> ErrorException: Undefined variable $titulo
in APPPATH\Views\plantilla\cabeza.php on line 6.
 1 APPPATH\Views\plantilla\cabeza.php(6): CodeIgniter\Debug\Exceptions->errorHandler(2, 'Undefined variable $titulo', 'C:\\xampp\\htdocs\\proyecto_Beck_Pablo\\app\\Views\\plantilla\\cabeza.php', 6)
 2 SYSTEMPATH\View\View.php(228): include('C:\\xampp\\htdocs\\proyecto_Beck_Pablo\\app\\Views\\plantilla\\cabeza.php')
 3 SYSTEMPATH\View\View.php(231): CodeIgniter\View\View->CodeIgniter\View\{closure}()
 4 SYSTEMPATH\Common.php(1178): CodeIgniter\View\View->render('plantilla/cabeza', [], true)
 5 APPPATH\Controllers\ValidarFormularios.php(21): view('plantilla/cabeza', [...])
 6 SYSTEMPATH\CodeIgniter.php(941): App\Controllers\ValidarFormularios->validarFormularioConsulta()
 7 SYSTEMPATH\CodeIgniter.php(502): CodeIgniter\CodeIgniter->runController(Object(App\Controllers\ValidarFormularios))
 8 SYSTEMPATH\CodeIgniter.php(361): CodeIgniter\CodeIgniter->handleRequest(null, Object(Config\Cache), false)
 9 FCPATH\index.php(79): CodeIgniter\CodeIgniter->run()
CRITICAL - 2024-05-14 12:37:55 --> TypeError: CodeIgniter\Validation\StrictRules\Rules::min_length(): Argument #2 ($val) must be of type string, null given, called in C:\xampp\htdocs\proyecto_Beck_Pablo\system\Validation\Validation.php on line 327
in SYSTEMPATH\Validation\StrictRules\Rules.php on line 317.
 1 SYSTEMPATH\Validation\Validation.php(327): CodeIgniter\Validation\StrictRules\Rules->min_length('Enviar', null)
 2 SYSTEMPATH\Validation\Validation.php(200): CodeIgniter\Validation\Validation->processRules('consulta', 'consulta', 'Enviar', [...], [...])
 3 APPPATH\Controllers\ValidarFormularios.php(23): CodeIgniter\Validation\Validation->run()
 4 SYSTEMPATH\CodeIgniter.php(941): App\Controllers\ValidarFormularios->validarFormularioConsulta()
 5 SYSTEMPATH\CodeIgniter.php(502): CodeIgniter\CodeIgniter->runController(Object(App\Controllers\ValidarFormularios))
 6 SYSTEMPATH\CodeIgniter.php(361): CodeIgniter\CodeIgniter->handleRequest(null, Object(Config\Cache), false)
 7 FCPATH\index.php(79): CodeIgniter\CodeIgniter->run()
CRITICAL - 2024-05-14 12:44:00 --> TypeError: CodeIgniter\Validation\StrictRules\Rules::min_length(): Argument #2 ($val) must be of type string, null given, called in C:\xampp\htdocs\proyecto_Beck_Pablo\system\Validation\Validation.php on line 327
in SYSTEMPATH\Validation\StrictRules\Rules.php on line 317.
 1 SYSTEMPATH\Validation\Validation.php(327): CodeIgniter\Validation\StrictRules\Rules->min_length('Enviar', null)
 2 SYSTEMPATH\Validation\Validation.php(200): CodeIgniter\Validation\Validation->processRules('consulta', 'consulta', 'Enviar', [...], [...])
 3 APPPATH\Controllers\ValidarFormularios.php(23): CodeIgniter\Validation\Validation->run()
 4 SYSTEMPATH\CodeIgniter.php(941): App\Controllers\ValidarFormularios->validarFormularioConsulta()
 5 SYSTEMPATH\CodeIgniter.php(502): CodeIgniter\CodeIgniter->runController(Object(App\Controllers\ValidarFormularios))
 6 SYSTEMPATH\CodeIgniter.php(361): CodeIgniter\CodeIgniter->handleRequest(null, Object(Config\Cache), false)
 7 FCPATH\index.php(79): CodeIgniter\CodeIgniter->run()
CRITICAL - 2024-05-14 12:44:19 --> TypeError: CodeIgniter\Validation\StrictRules\Rules::min_length(): Argument #2 ($val) must be of type string, null given, called in C:\xampp\htdocs\proyecto_Beck_Pablo\system\Validation\Validation.php on line 327
in SYSTEMPATH\Validation\StrictRules\Rules.php on line 317.
 1 SYSTEMPATH\Validation\Validation.php(327): CodeIgniter\Validation\StrictRules\Rules->min_length('Enviar', null)
 2 SYSTEMPATH\Validation\Validation.php(200): CodeIgniter\Validation\Validation->processRules('consulta', 'consulta', 'Enviar', [...], [...])
 3 APPPATH\Controllers\ValidarFormularios.php(23): CodeIgniter\Validation\Validation->run()
 4 SYSTEMPATH\CodeIgniter.php(941): App\Controllers\ValidarFormularios->validarFormularioConsulta()
 5 SYSTEMPATH\CodeIgniter.php(502): CodeIgniter\CodeIgniter->runController(Object(App\Controllers\ValidarFormularios))
 6 SYSTEMPATH\CodeIgniter.php(361): CodeIgniter\CodeIgniter->handleRequest(null, Object(Config\Cache), false)
 7 FCPATH\index.php(79): CodeIgniter\CodeIgniter->run()
CRITICAL - 2024-05-14 12:46:27 --> TypeError: CodeIgniter\Validation\StrictRules\Rules::min_length(): Argument #2 ($val) must be of type string, null given, called in C:\xampp\htdocs\proyecto_Beck_Pablo\system\Validation\Validation.php on line 327
in SYSTEMPATH\Validation\StrictRules\Rules.php on line 317.
 1 SYSTEMPATH\Validation\Validation.php(327): CodeIgniter\Validation\StrictRules\Rules->min_length('Enviar', null)
 2 SYSTEMPATH\Validation\Validation.php(200): CodeIgniter\Validation\Validation->processRules('consulta', 'consulta', 'Enviar', [...], [...])
 3 APPPATH\Controllers\ValidarFormularios.php(23): CodeIgniter\Validation\Validation->run()
 4 SYSTEMPATH\CodeIgniter.php(941): App\Controllers\ValidarFormularios->validarFormularioConsulta()
 5 SYSTEMPATH\CodeIgniter.php(502): CodeIgniter\CodeIgniter->runController(Object(App\Controllers\ValidarFormularios))
 6 SYSTEMPATH\CodeIgniter.php(361): CodeIgniter\CodeIgniter->handleRequest(null, Object(Config\Cache), false)
 7 FCPATH\index.php(79): CodeIgniter\CodeIgniter->run()
CRITICAL - 2024-05-14 12:50:39 --> TypeError: CodeIgniter\Validation\StrictRules\Rules::min_length(): Argument #2 ($val) must be of type string, null given, called in C:\xampp\htdocs\proyecto_Beck_Pablo\system\Validation\Validation.php on line 327
in SYSTEMPATH\Validation\StrictRules\Rules.php on line 317.
 1 SYSTEMPATH\Validation\Validation.php(327): CodeIgniter\Validation\StrictRules\Rules->min_length('Enviar', null)
 2 SYSTEMPATH\Validation\Validation.php(200): CodeIgniter\Validation\Validation->processRules('consulta', 'consulta', 'Enviar', [...], [...])
 3 APPPATH\Controllers\ValidarFormularios.php(23): CodeIgniter\Validation\Validation->run()
 4 SYSTEMPATH\CodeIgniter.php(941): App\Controllers\ValidarFormularios->validarFormularioConsulta()
 5 SYSTEMPATH\CodeIgniter.php(502): CodeIgniter\CodeIgniter->runController(Object(App\Controllers\ValidarFormularios))
 6 SYSTEMPATH\CodeIgniter.php(361): CodeIgniter\CodeIgniter->handleRequest(null, Object(Config\Cache), false)
 7 FCPATH\index.php(79): CodeIgniter\CodeIgniter->run()
CRITICAL - 2024-05-14 12:51:06 --> TypeError: CodeIgniter\Validation\StrictRules\Rules::min_length(): Argument #2 ($val) must be of type string, null given, called in C:\xampp\htdocs\proyecto_Beck_Pablo\system\Validation\Validation.php on line 327
in SYSTEMPATH\Validation\StrictRules\Rules.php on line 317.
 1 SYSTEMPATH\Validation\Validation.php(327): CodeIgniter\Validation\StrictRules\Rules->min_length('Enviar', null)
 2 SYSTEMPATH\Validation\Validation.php(200): CodeIgniter\Validation\Validation->processRules('consulta', 'consulta', 'Enviar', [...], [...])
 3 APPPATH\Controllers\ValidarFormularios.php(23): CodeIgniter\Validation\Validation->run()
 4 SYSTEMPATH\CodeIgniter.php(941): App\Controllers\ValidarFormularios->validarFormularioConsulta()
 5 SYSTEMPATH\CodeIgniter.php(502): CodeIgniter\CodeIgniter->runController(Object(App\Controllers\ValidarFormularios))
 6 SYSTEMPATH\CodeIgniter.php(361): CodeIgniter\CodeIgniter->handleRequest(null, Object(Config\Cache), false)
 7 FCPATH\index.php(79): CodeIgniter\CodeIgniter->run()
INFO - 2024-05-14 12:57:43 --> Session: Class initialized using 'CodeIgniter\Session\Handlers\FileHandler' driver.
CRITICAL - 2024-05-14 12:57:46 --> TypeError: CodeIgniter\Validation\StrictRules\Rules::min_length(): Argument #2 ($val) must be of type string, null given, called in C:\xampp\htdocs\proyecto_Beck_Pablo\system\Validation\Validation.php on line 327
in SYSTEMPATH\Validation\StrictRules\Rules.php on line 317.
 1 SYSTEMPATH\Validation\Validation.php(327): CodeIgniter\Validation\StrictRules\Rules->min_length('Enviar', null)
 2 SYSTEMPATH\Validation\Validation.php(200): CodeIgniter\Validation\Validation->processRules('consulta', 'consulta', 'Enviar', [...], [...])
 3 APPPATH\Controllers\ValidarFormularios.php(23): CodeIgniter\Validation\Validation->run()
 4 SYSTEMPATH\CodeIgniter.php(941): App\Controllers\ValidarFormularios->validarFormularioConsulta()
 5 SYSTEMPATH\CodeIgniter.php(502): CodeIgniter\CodeIgniter->runController(Object(App\Controllers\ValidarFormularios))
 6 SYSTEMPATH\CodeIgniter.php(361): CodeIgniter\CodeIgniter->handleRequest(null, Object(Config\Cache), false)
 7 FCPATH\index.php(79): CodeIgniter\CodeIgniter->run()
INFO - 2024-05-14 12:57:55 --> Session: Class initialized using 'CodeIgniter\Session\Handlers\FileHandler' driver.
CRITICAL - 2024-05-14 12:58:14 --> TypeError: CodeIgniter\Validation\StrictRules\Rules::min_length(): Argument #2 ($val) must be of type string, null given, called in C:\xampp\htdocs\proyecto_Beck_Pablo\system\Validation\Validation.php on line 327
in SYSTEMPATH\Validation\StrictRules\Rules.php on line 317.
 1 SYSTEMPATH\Validation\Validation.php(327): CodeIgniter\Validation\StrictRules\Rules->min_length('Enviar', null)
 2 SYSTEMPATH\Validation\Validation.php(200): CodeIgniter\Validation\Validation->processRules('consulta', 'consulta', 'Enviar', [...], [...])
 3 APPPATH\Controllers\ValidarFormularios.php(23): CodeIgniter\Validation\Validation->run()
 4 SYSTEMPATH\CodeIgniter.php(941): App\Controllers\ValidarFormularios->validarFormularioConsulta()
 5 SYSTEMPATH\CodeIgniter.php(502): CodeIgniter\CodeIgniter->runController(Object(App\Controllers\ValidarFormularios))
 6 SYSTEMPATH\CodeIgniter.php(361): CodeIgniter\CodeIgniter->handleRequest(null, Object(Config\Cache), false)
 7 FCPATH\index.php(79): CodeIgniter\CodeIgniter->run()
INFO - 2024-05-14 13:08:50 --> Session: Class initialized using 'CodeIgniter\Session\Handlers\FileHandler' driver.
INFO - 2024-05-14 13:08:58 --> Session: Class initialized using 'CodeIgniter\Session\Handlers\FileHandler' driver.
INFO - 2024-05-14 13:21:56 --> Session: Class initialized using 'CodeIgniter\Session\Handlers\FileHandler' driver.
INFO - 2024-05-14 13:22:17 --> Session: Class initialized using 'CodeIgniter\Session\Handlers\FileHandler' driver.
INFO - 2024-05-14 13:23:25 --> Session: Class initialized using 'CodeIgniter\Session\Handlers\FileHandler' driver.
INFO - 2024-05-14 13:24:03 --> Session: Class initialized using 'CodeIgniter\Session\Handlers\FileHandler' driver.
INFO - 2024-05-14 13:24:54 --> Session: Class initialized using 'CodeIgniter\Session\Handlers\FileHandler' driver.
INFO - 2024-05-14 13:25:43 --> Session: Class initialized using 'CodeIgniter\Session\Handlers\FileHandler' driver.
INFO - 2024-05-14 13:26:11 --> Session: Class initialized using 'CodeIgniter\Session\Handlers\FileHandler' driver.
INFO - 2024-05-14 13:26:48 --> Session: Class initialized using 'CodeIgniter\Session\Handlers\FileHandler' driver.
INFO - 2024-05-14 13:27:01 --> Session: Class initialized using 'CodeIgniter\Session\Handlers\FileHandler' driver.
INFO - 2024-05-14 13:27:09 --> Session: Class initialized using 'CodeIgniter\Session\Handlers\FileHandler' driver.
INFO - 2024-05-14 13:28:34 --> Session: Class initialized using 'CodeIgniter\Session\Handlers\FileHandler' driver.
INFO - 2024-05-14 13:30:23 --> Session: Class initialized using 'CodeIgniter\Session\Handlers\FileHandler' driver.
INFO - 2024-05-14 13:30:30 --> Session: Class initialized using 'CodeIgniter\Session\Handlers\FileHandler' driver.
INFO - 2024-05-14 13:36:50 --> Session: Class initialized using 'CodeIgniter\Session\Handlers\FileHandler' driver.
INFO - 2024-05-14 13:36:52 --> Session: Class initialized using 'CodeIgniter\Session\Handlers\FileHandler' driver.
INFO - 2024-05-14 13:36:54 --> Session: Class initialized using 'CodeIgniter\Session\Handlers\FileHandler' driver.
INFO - 2024-05-14 13:36:55 --> Session: Class initialized using 'CodeIgniter\Session\Handlers\FileHandler' driver.
INFO - 2024-05-14 13:36:57 --> Session: Class initialized using 'CodeIgniter\Session\Handlers\FileHandler' driver.
INFO - 2024-05-14 13:37:00 --> Session: Class initialized using 'CodeIgniter\Session\Handlers\FileHandler' driver.
INFO - 2024-05-14 13:37:25 --> Session: Class initialized using 'CodeIgniter\Session\Handlers\FileHandler' driver.
INFO - 2024-05-14 13:37:25 --> Session: Class initialized using 'CodeIgniter\Session\Handlers\FileHandler' driver.
INFO - 2024-05-14 13:37:28 --> Session: Class initialized using 'CodeIgniter\Session\Handlers\FileHandler' driver.
INFO - 2024-05-14 13:37:29 --> Session: Class initialized using 'CodeIgniter\Session\Handlers\FileHandler' driver.
INFO - 2024-05-14 13:37:30 --> Session: Class initialized using 'CodeIgniter\Session\Handlers\FileHandler' driver.
INFO - 2024-05-14 13:37:31 --> Session: Class initialized using 'CodeIgniter\Session\Handlers\FileHandler' driver.
INFO - 2024-05-14 13:37:32 --> Session: Class initialized using 'CodeIgniter\Session\Handlers\FileHandler' driver.
INFO - 2024-05-14 13:37:33 --> Session: Class initialized using 'CodeIgniter\Session\Handlers\FileHandler' driver.
INFO - 2024-05-14 13:37:34 --> Session: Class initialized using 'CodeIgniter\Session\Handlers\FileHandler' driver.
INFO - 2024-05-14 13:37:35 --> Session: Class initialized using 'CodeIgniter\Session\Handlers\FileHandler' driver.
INFO - 2024-05-14 13:37:36 --> Session: Class initialized using 'CodeIgniter\Session\Handlers\FileHandler' driver.
INFO - 2024-05-14 13:37:37 --> Session: Class initialized using 'CodeIgniter\Session\Handlers\FileHandler' driver.
INFO - 2024-05-14 13:37:46 --> Session: Class initialized using 'CodeIgniter\Session\Handlers\FileHandler' driver.
INFO - 2024-05-14 13:38:05 --> Session: Class initialized using 'CodeIgniter\Session\Handlers\FileHandler' driver.
INFO - 2024-05-14 13:38:08 --> Session: Class initialized using 'CodeIgniter\Session\Handlers\FileHandler' driver.
INFO - 2024-05-14 13:39:29 --> Session: Class initialized using 'CodeIgniter\Session\Handlers\FileHandler' driver.
INFO - 2024-05-14 13:39:45 --> Session: Class initialized using 'CodeIgniter\Session\Handlers\FileHandler' driver.
INFO - 2024-05-14 13:39:56 --> Session: Class initialized using 'CodeIgniter\Session\Handlers\FileHandler' driver.
INFO - 2024-05-14 13:40:16 --> Session: Class initialized using 'CodeIgniter\Session\Handlers\FileHandler' driver.
INFO - 2024-05-14 13:40:29 --> Session: Class initialized using 'CodeIgniter\Session\Handlers\FileHandler' driver.
INFO - 2024-05-14 13:42:09 --> Session: Class initialized using 'CodeIgniter\Session\Handlers\FileHandler' driver.
INFO - 2024-05-14 13:43:03 --> Session: Class initialized using 'CodeIgniter\Session\Handlers\FileHandler' driver.
INFO - 2024-05-14 13:43:08 --> Session: Class initialized using 'CodeIgniter\Session\Handlers\FileHandler' driver.
INFO - 2024-05-14 13:43:25 --> Session: Class initialized using 'CodeIgniter\Session\Handlers\FileHandler' driver.
INFO - 2024-05-14 13:46:17 --> Session: Class initialized using 'CodeIgniter\Session\Handlers\FileHandler' driver.
INFO - 2024-05-14 13:47:17 --> Session: Class initialized using 'CodeIgniter\Session\Handlers\FileHandler' driver.
INFO - 2024-05-14 13:48:00 --> Session: Class initialized using 'CodeIgniter\Session\Handlers\FileHandler' driver.
INFO - 2024-05-14 13:48:00 --> Session: Class initialized using 'CodeIgniter\Session\Handlers\FileHandler' driver.
INFO - 2024-05-14 13:48:09 --> Session: Class initialized using 'CodeIgniter\Session\Handlers\FileHandler' driver.
INFO - 2024-05-14 13:48:09 --> Session: Class initialized using 'CodeIgniter\Session\Handlers\FileHandler' driver.
INFO - 2024-05-14 13:49:06 --> Session: Class initialized using 'CodeIgniter\Session\Handlers\FileHandler' driver.
INFO - 2024-05-14 13:59:30 --> Session: Class initialized using 'CodeIgniter\Session\Handlers\FileHandler' driver.
INFO - 2024-05-14 13:59:48 --> Session: Class initialized using 'CodeIgniter\Session\Handlers\FileHandler' driver.
INFO - 2024-05-14 14:04:42 --> Session: Class initialized using 'CodeIgniter\Session\Handlers\FileHandler' driver.
INFO - 2024-05-14 14:33:03 --> Session: Class initialized using 'CodeIgniter\Session\Handlers\FileHandler' driver.
INFO - 2024-05-14 14:33:14 --> Session: Class initialized using 'CodeIgniter\Session\Handlers\FileHandler' driver.
INFO - 2024-05-14 14:34:08 --> Session: Class initialized using 'CodeIgniter\Session\Handlers\FileHandler' driver.
